<?xml version="1.0" encoding="UTF-8"?>
<testsuite name="example.org.web.PostsApiControllerTest" tests="2" skipped="0" failures="0" errors="0" timestamp="2021-01-17T13:50:18" hostname="DESKTOP-4QHQ616" time="0.375">
  <properties/>
  <testcase name="posts_save" classname="example.org.web.PostsApiControllerTest" time="0.25"/>
  <testcase name="posts_Update" classname="example.org.web.PostsApiControllerTest" time="0.124"/>
  <system-out><![CDATA[2021-01-17 22:50:18.970  INFO 9448 --- [    Test worker] .b.t.c.SpringBootTestContextBootstrapper : Neither @ContextConfiguration nor @ContextHierarchy found for test class [example.org.web.PostsApiControllerTest], using SpringBootContextLoader
2021-01-17 22:50:18.970  INFO 9448 --- [    Test worker] o.s.t.c.support.AbstractContextLoader    : Could not detect default resource locations for test class [example.org.web.PostsApiControllerTest]: no resource found for suffixes {-context.xml, Context.groovy}.
2021-01-17 22:50:18.970  INFO 9448 --- [    Test worker] t.c.s.AnnotationConfigContextLoaderUtils : Could not detect default configuration classes for test class [example.org.web.PostsApiControllerTest]: PostsApiControllerTest does not declare any static, non-private, non-final, nested classes annotated with @Configuration.
2021-01-17 22:50:18.970  INFO 9448 --- [    Test worker] .b.t.c.SpringBootTestContextBootstrapper : Found @SpringBootConfiguration example.org.Application for test class example.org.web.PostsApiControllerTest
2021-01-17 22:50:18.970  INFO 9448 --- [    Test worker] .b.t.c.SpringBootTestContextBootstrapper : Loaded default TestExecutionListener class names from location [META-INF/spring.factories]: [org.springframework.security.test.context.support.WithSecurityContextTestExecutionListener, org.springframework.security.test.context.support.ReactorContextTestExecutionListener, org.springframework.boot.test.autoconfigure.restdocs.RestDocsTestExecutionListener, org.springframework.boot.test.autoconfigure.web.client.MockRestServiceServerResetTestExecutionListener, org.springframework.boot.test.autoconfigure.web.servlet.MockMvcPrintOnlyOnFailureTestExecutionListener, org.springframework.boot.test.autoconfigure.web.servlet.WebDriverTestExecutionListener, org.springframework.boot.test.mock.mockito.MockitoTestExecutionListener, org.springframework.boot.test.mock.mockito.ResetMocksTestExecutionListener, org.springframework.test.context.web.ServletTestExecutionListener, org.springframework.test.context.support.DirtiesContextBeforeModesTestExecutionListener, org.springframework.test.context.support.DependencyInjectionTestExecutionListener, org.springframework.test.context.support.DirtiesContextTestExecutionListener, org.springframework.test.context.transaction.TransactionalTestExecutionListener, org.springframework.test.context.jdbc.SqlScriptsTestExecutionListener]
2021-01-17 22:50:18.970  INFO 9448 --- [    Test worker] .b.t.c.SpringBootTestContextBootstrapper : Using TestExecutionListeners: [org.springframework.test.context.web.ServletTestExecutionListener@4c0853d4, org.springframework.test.context.support.DirtiesContextBeforeModesTestExecutionListener@2d3305bd, org.springframework.boot.test.mock.mockito.MockitoTestExecutionListener@55cbad16, org.springframework.boot.test.autoconfigure.SpringBootDependencyInjectionTestExecutionListener@236c7e66, org.springframework.test.context.support.DirtiesContextTestExecutionListener@2d740f2c, org.springframework.test.context.transaction.TransactionalTestExecutionListener@18dff9d2, org.springframework.test.context.jdbc.SqlScriptsTestExecutionListener@10f454c2, org.springframework.security.test.context.support.WithSecurityContextTestExecutionListener@50ab87f4, org.springframework.security.test.context.support.ReactorContextTestExecutionListener@5d2bffa2, org.springframework.boot.test.autoconfigure.restdocs.RestDocsTestExecutionListener@3a5d8cbc, org.springframework.boot.test.autoconfigure.web.client.MockRestServiceServerResetTestExecutionListener@8bd9d71, org.springframework.boot.test.autoconfigure.web.servlet.MockMvcPrintOnlyOnFailureTestExecutionListener@4a53fb5, org.springframework.boot.test.autoconfigure.web.servlet.WebDriverTestExecutionListener@671066c, org.springframework.boot.test.mock.mockito.ResetMocksTestExecutionListener@509f5272]
2021-01-17 22:50:19.002  INFO 9448 --- [    Test worker] o.a.c.c.C.[Tomcat].[localhost].[/]       : Initializing Spring TestDispatcherServlet ''
2021-01-17 22:50:19.002  INFO 9448 --- [    Test worker] o.s.t.web.servlet.TestDispatcherServlet  : Initializing Servlet ''
2021-01-17 22:50:19.002  INFO 9448 --- [    Test worker] o.s.t.web.servlet.TestDispatcherServlet  : Completed initialization in 0 ms
Hibernate: insert into posts (created_date, modified_date, author, content, title) values (?, ?, ?, ?, ?)
Hibernate: select posts0_.id as id1_1_, posts0_.created_date as created_2_1_, posts0_.modified_date as modified3_1_, posts0_.author as author4_1_, posts0_.content as content5_1_, posts0_.title as title6_1_ from posts posts0_
Hibernate: select posts0_.id as id1_1_, posts0_.created_date as created_2_1_, posts0_.modified_date as modified3_1_, posts0_.author as author4_1_, posts0_.content as content5_1_, posts0_.title as title6_1_ from posts posts0_
Hibernate: delete from posts where id=?
2021-01-17 22:50:19.236  INFO 9448 --- [    Test worker] o.a.c.c.C.[Tomcat].[localhost].[/]       : Initializing Spring TestDispatcherServlet ''
2021-01-17 22:50:19.236  INFO 9448 --- [    Test worker] o.s.t.web.servlet.TestDispatcherServlet  : Initializing Servlet ''
2021-01-17 22:50:19.267  INFO 9448 --- [    Test worker] o.s.t.web.servlet.TestDispatcherServlet  : Completed initialization in 31 ms
Hibernate: insert into posts (created_date, modified_date, author, content, title) values (?, ?, ?, ?, ?)
Hibernate: select posts0_.id as id1_1_0_, posts0_.created_date as created_2_1_0_, posts0_.modified_date as modified3_1_0_, posts0_.author as author4_1_0_, posts0_.content as content5_1_0_, posts0_.title as title6_1_0_ from posts posts0_ where posts0_.id=?
Hibernate: update posts set created_date=?, modified_date=?, author=?, content=?, title=? where id=?
Hibernate: select posts0_.id as id1_1_, posts0_.created_date as created_2_1_, posts0_.modified_date as modified3_1_, posts0_.author as author4_1_, posts0_.content as content5_1_, posts0_.title as title6_1_ from posts posts0_
Hibernate: select posts0_.id as id1_1_, posts0_.created_date as created_2_1_, posts0_.modified_date as modified3_1_, posts0_.author as author4_1_, posts0_.content as content5_1_, posts0_.title as title6_1_ from posts posts0_
Hibernate: delete from posts where id=?
]]></system-out>
  <system-err><![CDATA[]]></system-err>
</testsuite>
