<?xml version="1.0" encoding="UTF-8"?>
<testsuite name="example.org.web.HelloControllerTest" tests="1" skipped="0" failures="0" errors="0" timestamp="2020-10-15T07:30:47" hostname="DESKTOP-4QHQ616" time="0.474">
  <properties/>
  <testcase name="hello가_리턴된다" classname="example.org.web.HelloControllerTest" time="0.474"/>
  <system-out><![CDATA[16:30:41.629 [Test worker] DEBUG org.springframework.test.context.junit4.SpringJUnit4ClassRunner - SpringJUnit4ClassRunner constructor called with [class example.org.web.HelloControllerTest]
16:30:41.657 [Test worker] DEBUG org.springframework.test.context.BootstrapUtils - Instantiating CacheAwareContextLoaderDelegate from class [org.springframework.test.context.cache.DefaultCacheAwareContextLoaderDelegate]
16:30:41.678 [Test worker] DEBUG org.springframework.test.context.BootstrapUtils - Instantiating BootstrapContext using constructor [public org.springframework.test.context.support.DefaultBootstrapContext(java.lang.Class,org.springframework.test.context.CacheAwareContextLoaderDelegate)]
16:30:41.717 [Test worker] DEBUG org.springframework.test.context.BootstrapUtils - Instantiating TestContextBootstrapper for test class [example.org.web.HelloControllerTest] from class [org.springframework.boot.test.autoconfigure.web.servlet.WebMvcTestContextBootstrapper]
16:30:41.759 [Test worker] INFO org.springframework.boot.test.autoconfigure.web.servlet.WebMvcTestContextBootstrapper - Neither @ContextConfiguration nor @ContextHierarchy found for test class [example.org.web.HelloControllerTest], using SpringBootContextLoader
16:30:41.765 [Test worker] DEBUG org.springframework.test.context.support.AbstractContextLoader - Did not detect default resource location for test class [example.org.web.HelloControllerTest]: class path resource [example/org/web/HelloControllerTest-context.xml] does not exist
16:30:41.766 [Test worker] DEBUG org.springframework.test.context.support.AbstractContextLoader - Did not detect default resource location for test class [example.org.web.HelloControllerTest]: class path resource [example/org/web/HelloControllerTestContext.groovy] does not exist
16:30:41.767 [Test worker] INFO org.springframework.test.context.support.AbstractContextLoader - Could not detect default resource locations for test class [example.org.web.HelloControllerTest]: no resource found for suffixes {-context.xml, Context.groovy}.
16:30:41.769 [Test worker] INFO org.springframework.test.context.support.AnnotationConfigContextLoaderUtils - Could not detect default configuration classes for test class [example.org.web.HelloControllerTest]: HelloControllerTest does not declare any static, non-private, non-final, nested classes annotated with @Configuration.
16:30:41.898 [Test worker] DEBUG org.springframework.test.context.support.ActiveProfilesUtils - Could not find an 'annotation declaring class' for annotation type [org.springframework.test.context.ActiveProfiles] and class [example.org.web.HelloControllerTest]
16:30:42.038 [Test worker] DEBUG org.springframework.context.annotation.ClassPathScanningCandidateComponentProvider - Identified candidate component class: file [C:\Users\byung\IdeaProjects\SpringBoot_IntelliJ\build\classes\java\main\example\org\Application.class]
16:30:42.040 [Test worker] INFO org.springframework.boot.test.context.SpringBootTestContextBootstrapper - Found @SpringBootConfiguration example.org.Application for test class example.org.web.HelloControllerTest
16:30:42.044 [Test worker] DEBUG org.springframework.boot.test.autoconfigure.web.servlet.WebMvcTestContextBootstrapper - @TestExecutionListeners is not present for class [example.org.web.HelloControllerTest]: using defaults.
16:30:42.045 [Test worker] INFO org.springframework.boot.test.autoconfigure.web.servlet.WebMvcTestContextBootstrapper - Loaded default TestExecutionListener class names from location [META-INF/spring.factories]: [org.springframework.security.test.context.support.WithSecurityContextTestExecutionListener, org.springframework.security.test.context.support.ReactorContextTestExecutionListener, org.springframework.boot.test.autoconfigure.restdocs.RestDocsTestExecutionListener, org.springframework.boot.test.autoconfigure.web.client.MockRestServiceServerResetTestExecutionListener, org.springframework.boot.test.autoconfigure.web.servlet.MockMvcPrintOnlyOnFailureTestExecutionListener, org.springframework.boot.test.autoconfigure.web.servlet.WebDriverTestExecutionListener, org.springframework.boot.test.mock.mockito.MockitoTestExecutionListener, org.springframework.boot.test.mock.mockito.ResetMocksTestExecutionListener, org.springframework.test.context.web.ServletTestExecutionListener, org.springframework.test.context.support.DirtiesContextBeforeModesTestExecutionListener, org.springframework.test.context.support.DependencyInjectionTestExecutionListener, org.springframework.test.context.support.DirtiesContextTestExecutionListener, org.springframework.test.context.transaction.TransactionalTestExecutionListener, org.springframework.test.context.jdbc.SqlScriptsTestExecutionListener]
16:30:42.084 [Test worker] INFO org.springframework.boot.test.autoconfigure.web.servlet.WebMvcTestContextBootstrapper - Using TestExecutionListeners: [org.springframework.test.context.web.ServletTestExecutionListener@20a3dea2, org.springframework.test.context.support.DirtiesContextBeforeModesTestExecutionListener@1deeb7de, org.springframework.boot.test.mock.mockito.MockitoTestExecutionListener@749262f7, org.springframework.boot.test.autoconfigure.SpringBootDependencyInjectionTestExecutionListener@31cf9f9b, org.springframework.test.context.support.DirtiesContextTestExecutionListener@f2711ce, org.springframework.test.context.transaction.TransactionalTestExecutionListener@671f07b3, org.springframework.test.context.jdbc.SqlScriptsTestExecutionListener@fd547d, org.springframework.security.test.context.support.WithSecurityContextTestExecutionListener@4d0320be, org.springframework.security.test.context.support.ReactorContextTestExecutionListener@7a9df1b1, org.springframework.boot.test.autoconfigure.restdocs.RestDocsTestExecutionListener@652053ce, org.springframework.boot.test.autoconfigure.web.client.MockRestServiceServerResetTestExecutionListener@f94bdab, org.springframework.boot.test.autoconfigure.web.servlet.MockMvcPrintOnlyOnFailureTestExecutionListener@5b467a37, org.springframework.boot.test.autoconfigure.web.servlet.WebDriverTestExecutionListener@4e431897, org.springframework.boot.test.mock.mockito.ResetMocksTestExecutionListener@299a8cb2]
16:30:42.088 [Test worker] DEBUG org.springframework.test.annotation.ProfileValueUtils - Retrieved @ProfileValueSourceConfiguration [null] for test class [example.org.web.HelloControllerTest]
16:30:42.089 [Test worker] DEBUG org.springframework.test.annotation.ProfileValueUtils - Retrieved ProfileValueSource type [class org.springframework.test.annotation.SystemProfileValueSource] for class [example.org.web.HelloControllerTest]
16:30:42.094 [Test worker] DEBUG org.springframework.test.annotation.ProfileValueUtils - Retrieved @ProfileValueSourceConfiguration [null] for test class [example.org.web.HelloControllerTest]
16:30:42.095 [Test worker] DEBUG org.springframework.test.annotation.ProfileValueUtils - Retrieved ProfileValueSource type [class org.springframework.test.annotation.SystemProfileValueSource] for class [example.org.web.HelloControllerTest]
16:30:42.096 [Test worker] DEBUG org.springframework.test.annotation.ProfileValueUtils - Retrieved @ProfileValueSourceConfiguration [null] for test class [example.org.web.HelloControllerTest]
16:30:42.096 [Test worker] DEBUG org.springframework.test.annotation.ProfileValueUtils - Retrieved ProfileValueSource type [class org.springframework.test.annotation.SystemProfileValueSource] for class [example.org.web.HelloControllerTest]
16:30:42.103 [Test worker] DEBUG org.springframework.test.context.support.AbstractDirtiesContextTestExecutionListener - Before test class: context [DefaultTestContext@1f81609e testClass = HelloControllerTest, testInstance = [null], testMethod = [null], testException = [null], mergedContextConfiguration = [WebMergedContextConfiguration@998d5a0 testClass = HelloControllerTest, locations = '{}', classes = '{class example.org.Application}', contextInitializerClasses = '[]', activeProfiles = '{}', propertySourceLocations = '{}', propertySourceProperties = '{org.springframework.boot.test.autoconfigure.web.servlet.WebMvcTestContextBootstrapper=true}', contextCustomizers = set[org.springframework.boot.test.autoconfigure.OverrideAutoConfigurationContextCustomizerFactory$DisableAutoConfigurationContextCustomizer@3f8a8042, org.springframework.boot.test.autoconfigure.filter.TypeExcludeFiltersContextCustomizer@955a212b, org.springframework.boot.test.autoconfigure.properties.PropertyMappingContextCustomizer@b4264355, org.springframework.boot.test.autoconfigure.web.servlet.WebDriverContextCustomizerFactory$Customizer@53c2c074, [ImportsContextCustomizer@4e82bec2 key = [org.springframework.boot.autoconfigure.cache.CacheAutoConfiguration, org.springframework.boot.autoconfigure.context.MessageSourceAutoConfiguration, org.springframework.boot.autoconfigure.data.web.SpringDataWebAutoConfiguration, org.springframework.boot.autoconfigure.freemarker.FreeMarkerAutoConfiguration, org.springframework.boot.autoconfigure.groovy.template.GroovyTemplateAutoConfiguration, org.springframework.boot.autoconfigure.gson.GsonAutoConfiguration, org.springframework.boot.autoconfigure.hateoas.HypermediaAutoConfiguration, org.springframework.boot.autoconfigure.http.HttpMessageConvertersAutoConfiguration, org.springframework.boot.autoconfigure.jackson.JacksonAutoConfiguration, org.springframework.boot.autoconfigure.jsonb.JsonbAutoConfiguration, org.springframework.boot.autoconfigure.mustache.MustacheAutoConfiguration, org.springframework.boot.autoconfigure.task.TaskExecutionAutoConfiguration, org.springframework.boot.autoconfigure.thymeleaf.ThymeleafAutoConfiguration, org.springframework.boot.autoconfigure.validation.ValidationAutoConfiguration, org.springframework.boot.autoconfigure.web.servlet.error.ErrorMvcAutoConfiguration, org.springframework.boot.autoconfigure.web.servlet.WebMvcAutoConfiguration, org.springframework.boot.test.autoconfigure.web.servlet.MockMvcAutoConfiguration, org.springframework.boot.test.autoconfigure.web.servlet.MockMvcSecurityAutoConfiguration, org.springframework.boot.test.autoconfigure.web.servlet.MockMvcWebClientAutoConfiguration, org.springframework.boot.test.autoconfigure.web.servlet.MockMvcWebDriverAutoConfiguration]], org.springframework.boot.test.context.filter.ExcludeFilterContextCustomizer@2117ed2e, org.springframework.boot.test.json.DuplicateJsonObjectContextCustomizerFactory$DuplicateJsonObjectContextCustomizer@72f8f70d, org.springframework.boot.test.mock.mockito.MockitoContextCustomizer@0], resourceBasePath = 'src/main/webapp', contextLoader = 'org.springframework.boot.test.context.SpringBootContextLoader', parent = [null]], attributes = map[[empty]]], class annotated with @DirtiesContext [false] with mode [null].
16:30:42.105 [Test worker] DEBUG org.springframework.test.annotation.ProfileValueUtils - Retrieved @ProfileValueSourceConfiguration [null] for test class [example.org.web.HelloControllerTest]
16:30:42.105 [Test worker] DEBUG org.springframework.test.annotation.ProfileValueUtils - Retrieved ProfileValueSource type [class org.springframework.test.annotation.SystemProfileValueSource] for class [example.org.web.HelloControllerTest]
16:30:42.112 [Test worker] DEBUG org.springframework.test.context.support.DependencyInjectionTestExecutionListener - Performing dependency injection for test context [[DefaultTestContext@1f81609e testClass = HelloControllerTest, testInstance = example.org.web.HelloControllerTest@15e4d5c4, testMethod = [null], testException = [null], mergedContextConfiguration = [WebMergedContextConfiguration@998d5a0 testClass = HelloControllerTest, locations = '{}', classes = '{class example.org.Application}', contextInitializerClasses = '[]', activeProfiles = '{}', propertySourceLocations = '{}', propertySourceProperties = '{org.springframework.boot.test.autoconfigure.web.servlet.WebMvcTestContextBootstrapper=true}', contextCustomizers = set[org.springframework.boot.test.autoconfigure.OverrideAutoConfigurationContextCustomizerFactory$DisableAutoConfigurationContextCustomizer@3f8a8042, org.springframework.boot.test.autoconfigure.filter.TypeExcludeFiltersContextCustomizer@955a212b, org.springframework.boot.test.autoconfigure.properties.PropertyMappingContextCustomizer@b4264355, org.springframework.boot.test.autoconfigure.web.servlet.WebDriverContextCustomizerFactory$Customizer@53c2c074, [ImportsContextCustomizer@4e82bec2 key = [org.springframework.boot.autoconfigure.cache.CacheAutoConfiguration, org.springframework.boot.autoconfigure.context.MessageSourceAutoConfiguration, org.springframework.boot.autoconfigure.data.web.SpringDataWebAutoConfiguration, org.springframework.boot.autoconfigure.freemarker.FreeMarkerAutoConfiguration, org.springframework.boot.autoconfigure.groovy.template.GroovyTemplateAutoConfiguration, org.springframework.boot.autoconfigure.gson.GsonAutoConfiguration, org.springframework.boot.autoconfigure.hateoas.HypermediaAutoConfiguration, org.springframework.boot.autoconfigure.http.HttpMessageConvertersAutoConfiguration, org.springframework.boot.autoconfigure.jackson.JacksonAutoConfiguration, org.springframework.boot.autoconfigure.jsonb.JsonbAutoConfiguration, org.springframework.boot.autoconfigure.mustache.MustacheAutoConfiguration, org.springframework.boot.autoconfigure.task.TaskExecutionAutoConfiguration, org.springframework.boot.autoconfigure.thymeleaf.ThymeleafAutoConfiguration, org.springframework.boot.autoconfigure.validation.ValidationAutoConfiguration, org.springframework.boot.autoconfigure.web.servlet.error.ErrorMvcAutoConfiguration, org.springframework.boot.autoconfigure.web.servlet.WebMvcAutoConfiguration, org.springframework.boot.test.autoconfigure.web.servlet.MockMvcAutoConfiguration, org.springframework.boot.test.autoconfigure.web.servlet.MockMvcSecurityAutoConfiguration, org.springframework.boot.test.autoconfigure.web.servlet.MockMvcWebClientAutoConfiguration, org.springframework.boot.test.autoconfigure.web.servlet.MockMvcWebDriverAutoConfiguration]], org.springframework.boot.test.context.filter.ExcludeFilterContextCustomizer@2117ed2e, org.springframework.boot.test.json.DuplicateJsonObjectContextCustomizerFactory$DuplicateJsonObjectContextCustomizer@72f8f70d, org.springframework.boot.test.mock.mockito.MockitoContextCustomizer@0], resourceBasePath = 'src/main/webapp', contextLoader = 'org.springframework.boot.test.context.SpringBootContextLoader', parent = [null]], attributes = map[[empty]]]].
16:30:42.314 [Test worker] DEBUG org.springframework.test.context.support.TestPropertySourceUtils - Adding inlined properties to environment: {spring.jmx.enabled=false, org.springframework.boot.test.autoconfigure.web.servlet.WebMvcTestContextBootstrapper=true, server.port=-1}

  .   ____          _            __ _ _
 /\\ / ___'_ __ _ _(_)_ __  __ _ \ \ \ \
( ( )\___ | '_ | '_| | '_ \/ _` | \ \ \ \
 \\/  ___)| |_)| | | | | || (_| |  ) ) ) )
  '  |____| .__|_| |_|_| |_\__, | / / / /
 =========|_|==============|___/=/_/_/_/
 :: Spring Boot ::        (v2.1.7.RELEASE)

2020-10-15 16:30:42.817  INFO 6908 --- [    Test worker] example.org.web.HelloControllerTest      : Starting HelloControllerTest on DESKTOP-4QHQ616 with PID 6908 (started by byung in C:\Users\byung\IdeaProjects\SpringBoot_IntelliJ)
2020-10-15 16:30:42.827  INFO 6908 --- [    Test worker] example.org.web.HelloControllerTest      : No active profile set, falling back to default profiles: default
2020-10-15 16:30:45.549  INFO 6908 --- [    Test worker] o.s.s.concurrent.ThreadPoolTaskExecutor  : Initializing ExecutorService 'applicationTaskExecutor'
2020-10-15 16:30:45.726  INFO 6908 --- [    Test worker] o.s.b.a.w.s.WelcomePageHandlerMapping    : Adding welcome page template: index
2020-10-15 16:30:46.334  INFO 6908 --- [    Test worker] .s.s.UserDetailsServiceAutoConfiguration : 

Using generated security password: 22d564f6-b66a-4c9b-a06c-6617ce6dc471

2020-10-15 16:30:46.888  INFO 6908 --- [    Test worker] o.s.s.web.DefaultSecurityFilterChain     : Creating filter chain: any request, [org.springframework.security.web.context.request.async.WebAsyncManagerIntegrationFilter@6a80aee1, org.springframework.security.web.context.SecurityContextPersistenceFilter@3aba2c31, org.springframework.security.web.header.HeaderWriterFilter@773f708d, org.springframework.security.web.csrf.CsrfFilter@698085b1, org.springframework.security.web.authentication.logout.LogoutFilter@4d3324fc, org.springframework.security.web.authentication.UsernamePasswordAuthenticationFilter@7f11b544, org.springframework.security.web.authentication.ui.DefaultLoginPageGeneratingFilter@42d44055, org.springframework.security.web.authentication.ui.DefaultLogoutPageGeneratingFilter@66165f5c, org.springframework.security.web.authentication.www.BasicAuthenticationFilter@23f9a61b, org.springframework.security.web.savedrequest.RequestCacheAwareFilter@3db2c863, org.springframework.security.web.servletapi.SecurityContextHolderAwareRequestFilter@28e80a91, org.springframework.security.web.authentication.AnonymousAuthenticationFilter@5f47ea7f, org.springframework.security.web.session.SessionManagementFilter@1399de2d, org.springframework.security.web.access.ExceptionTranslationFilter@5b679cce, org.springframework.security.web.access.intercept.FilterSecurityInterceptor@62d04aa1]
2020-10-15 16:30:46.996  INFO 6908 --- [    Test worker] o.s.b.t.m.w.SpringBootMockServletContext : Initializing Spring TestDispatcherServlet ''
2020-10-15 16:30:46.997  INFO 6908 --- [    Test worker] o.s.t.web.servlet.TestDispatcherServlet  : Initializing Servlet ''
2020-10-15 16:30:47.027  INFO 6908 --- [    Test worker] o.s.t.web.servlet.TestDispatcherServlet  : Completed initialization in 30 ms
2020-10-15 16:30:47.111  INFO 6908 --- [    Test worker] example.org.web.HelloControllerTest      : Started HelloControllerTest in 4.783 seconds (JVM running for 6.714)
]]></system-out>
  <system-err><![CDATA[]]></system-err>
</testsuite>
