<?xml version="1.0" encoding="UTF-8"?>
<testsuite name="example.org.web.ProfileControllerUnitTest" tests="3" skipped="0" failures="0" errors="0" timestamp="2021-02-06T13:59:39" hostname="DESKTOP-4QHQ616" time="0.012">
  <properties/>
  <testcase name="DB_profile_else_first()" classname="example.org.web.ProfileControllerUnitTest" time="0.01"/>
  <testcase name="find_DB_profile()" classname="example.org.web.ProfileControllerUnitTest" time="0.0"/>
  <testcase name="DB_profile_else_second()" classname="example.org.web.ProfileControllerUnitTest" time="0.0"/>
  <system-out><![CDATA[]]></system-out>
  <system-err><![CDATA[]]></system-err>
</testsuite>
