<?xml version="1.0" encoding="UTF-8"?>
<testsuite name="example.org.web.HelloControllerTest" tests="2" skipped="0" failures="0" errors="0" timestamp="2021-01-14T08:49:06" hostname="DESKTOP-4QHQ616" time="0.88">
  <properties/>
  <testcase name="hello가_리턴된다" classname="example.org.web.HelloControllerTest" time="0.696"/>
  <testcase name="helloDTO_return" classname="example.org.web.HelloControllerTest" time="0.181"/>
  <system-out><![CDATA[17:48:58.760 [Test worker] DEBUG org.springframework.test.context.junit4.SpringJUnit4ClassRunner - SpringJUnit4ClassRunner constructor called with [class example.org.web.HelloControllerTest]
17:48:58.782 [Test worker] DEBUG org.springframework.test.context.BootstrapUtils - Instantiating CacheAwareContextLoaderDelegate from class [org.springframework.test.context.cache.DefaultCacheAwareContextLoaderDelegate]
17:48:58.807 [Test worker] DEBUG org.springframework.test.context.BootstrapUtils - Instantiating BootstrapContext using constructor [public org.springframework.test.context.support.DefaultBootstrapContext(java.lang.Class,org.springframework.test.context.CacheAwareContextLoaderDelegate)]
17:48:58.871 [Test worker] DEBUG org.springframework.test.context.BootstrapUtils - Instantiating TestContextBootstrapper for test class [example.org.web.HelloControllerTest] from class [org.springframework.boot.test.autoconfigure.web.servlet.WebMvcTestContextBootstrapper]
17:48:58.928 [Test worker] INFO org.springframework.boot.test.autoconfigure.web.servlet.WebMvcTestContextBootstrapper - Neither @ContextConfiguration nor @ContextHierarchy found for test class [example.org.web.HelloControllerTest], using SpringBootContextLoader
17:48:58.938 [Test worker] DEBUG org.springframework.test.context.support.AbstractContextLoader - Did not detect default resource location for test class [example.org.web.HelloControllerTest]: class path resource [example/org/web/HelloControllerTest-context.xml] does not exist
17:48:58.940 [Test worker] DEBUG org.springframework.test.context.support.AbstractContextLoader - Did not detect default resource location for test class [example.org.web.HelloControllerTest]: class path resource [example/org/web/HelloControllerTestContext.groovy] does not exist
17:48:58.940 [Test worker] INFO org.springframework.test.context.support.AbstractContextLoader - Could not detect default resource locations for test class [example.org.web.HelloControllerTest]: no resource found for suffixes {-context.xml, Context.groovy}.
17:48:58.942 [Test worker] INFO org.springframework.test.context.support.AnnotationConfigContextLoaderUtils - Could not detect default configuration classes for test class [example.org.web.HelloControllerTest]: HelloControllerTest does not declare any static, non-private, non-final, nested classes annotated with @Configuration.
17:48:59.136 [Test worker] DEBUG org.springframework.test.context.support.ActiveProfilesUtils - Could not find an 'annotation declaring class' for annotation type [org.springframework.test.context.ActiveProfiles] and class [example.org.web.HelloControllerTest]
17:48:59.446 [Test worker] DEBUG org.springframework.context.annotation.ClassPathScanningCandidateComponentProvider - Identified candidate component class: file [C:\Users\byung\IdeaProjects\SpringBoot_IntelliJ\build\classes\java\main\example\org\Application.class]
17:48:59.451 [Test worker] INFO org.springframework.boot.test.context.SpringBootTestContextBootstrapper - Found @SpringBootConfiguration example.org.Application for test class example.org.web.HelloControllerTest
17:48:59.456 [Test worker] DEBUG org.springframework.boot.test.autoconfigure.web.servlet.WebMvcTestContextBootstrapper - @TestExecutionListeners is not present for class [example.org.web.HelloControllerTest]: using defaults.
17:48:59.458 [Test worker] INFO org.springframework.boot.test.autoconfigure.web.servlet.WebMvcTestContextBootstrapper - Loaded default TestExecutionListener class names from location [META-INF/spring.factories]: [org.springframework.security.test.context.support.WithSecurityContextTestExecutionListener, org.springframework.security.test.context.support.ReactorContextTestExecutionListener, org.springframework.boot.test.autoconfigure.restdocs.RestDocsTestExecutionListener, org.springframework.boot.test.autoconfigure.web.client.MockRestServiceServerResetTestExecutionListener, org.springframework.boot.test.autoconfigure.web.servlet.MockMvcPrintOnlyOnFailureTestExecutionListener, org.springframework.boot.test.autoconfigure.web.servlet.WebDriverTestExecutionListener, org.springframework.boot.test.mock.mockito.MockitoTestExecutionListener, org.springframework.boot.test.mock.mockito.ResetMocksTestExecutionListener, org.springframework.test.context.web.ServletTestExecutionListener, org.springframework.test.context.support.DirtiesContextBeforeModesTestExecutionListener, org.springframework.test.context.support.DependencyInjectionTestExecutionListener, org.springframework.test.context.support.DirtiesContextTestExecutionListener, org.springframework.test.context.transaction.TransactionalTestExecutionListener, org.springframework.test.context.jdbc.SqlScriptsTestExecutionListener]
17:48:59.532 [Test worker] INFO org.springframework.boot.test.autoconfigure.web.servlet.WebMvcTestContextBootstrapper - Using TestExecutionListeners: [org.springframework.test.context.web.ServletTestExecutionListener@5e1cc094, org.springframework.test.context.support.DirtiesContextBeforeModesTestExecutionListener@1ed4fe43, org.springframework.boot.test.mock.mockito.MockitoTestExecutionListener@4600d723, org.springframework.boot.test.autoconfigure.SpringBootDependencyInjectionTestExecutionListener@b915024, org.springframework.test.context.support.DirtiesContextTestExecutionListener@33b129a2, org.springframework.test.context.transaction.TransactionalTestExecutionListener@aaeef71, org.springframework.test.context.jdbc.SqlScriptsTestExecutionListener@4ad798c8, org.springframework.security.test.context.support.WithSecurityContextTestExecutionListener@4b46e1c6, org.springframework.security.test.context.support.ReactorContextTestExecutionListener@71002d35, org.springframework.boot.test.autoconfigure.restdocs.RestDocsTestExecutionListener@ca88103, org.springframework.boot.test.autoconfigure.web.client.MockRestServiceServerResetTestExecutionListener@7acf5986, org.springframework.boot.test.autoconfigure.web.servlet.MockMvcPrintOnlyOnFailureTestExecutionListener@6fbdfc8, org.springframework.boot.test.autoconfigure.web.servlet.WebDriverTestExecutionListener@766223a7, org.springframework.boot.test.mock.mockito.ResetMocksTestExecutionListener@3e0a14f1]
17:48:59.540 [Test worker] DEBUG org.springframework.test.annotation.ProfileValueUtils - Retrieved @ProfileValueSourceConfiguration [null] for test class [example.org.web.HelloControllerTest]
17:48:59.542 [Test worker] DEBUG org.springframework.test.annotation.ProfileValueUtils - Retrieved ProfileValueSource type [class org.springframework.test.annotation.SystemProfileValueSource] for class [example.org.web.HelloControllerTest]
17:48:59.546 [Test worker] DEBUG org.springframework.test.annotation.ProfileValueUtils - Retrieved @ProfileValueSourceConfiguration [null] for test class [example.org.web.HelloControllerTest]
17:48:59.546 [Test worker] DEBUG org.springframework.test.annotation.ProfileValueUtils - Retrieved ProfileValueSource type [class org.springframework.test.annotation.SystemProfileValueSource] for class [example.org.web.HelloControllerTest]
17:48:59.548 [Test worker] DEBUG org.springframework.test.annotation.ProfileValueUtils - Retrieved @ProfileValueSourceConfiguration [null] for test class [example.org.web.HelloControllerTest]
17:48:59.548 [Test worker] DEBUG org.springframework.test.annotation.ProfileValueUtils - Retrieved ProfileValueSource type [class org.springframework.test.annotation.SystemProfileValueSource] for class [example.org.web.HelloControllerTest]
17:48:59.555 [Test worker] DEBUG org.springframework.test.context.support.AbstractDirtiesContextTestExecutionListener - Before test class: context [DefaultTestContext@26a08374 testClass = HelloControllerTest, testInstance = [null], testMethod = [null], testException = [null], mergedContextConfiguration = [WebMergedContextConfiguration@265da176 testClass = HelloControllerTest, locations = '{}', classes = '{class example.org.Application}', contextInitializerClasses = '[]', activeProfiles = '{}', propertySourceLocations = '{}', propertySourceProperties = '{org.springframework.boot.test.autoconfigure.web.servlet.WebMvcTestContextBootstrapper=true}', contextCustomizers = set[org.springframework.boot.test.autoconfigure.OverrideAutoConfigurationContextCustomizerFactory$DisableAutoConfigurationContextCustomizer@8cc781e, org.springframework.boot.test.autoconfigure.filter.TypeExcludeFiltersContextCustomizer@b570a9d4, org.springframework.boot.test.autoconfigure.properties.PropertyMappingContextCustomizer@bc337480, org.springframework.boot.test.autoconfigure.web.servlet.WebDriverContextCustomizerFactory$Customizer@47bf7a76, [ImportsContextCustomizer@19733a9d key = [org.springframework.boot.autoconfigure.cache.CacheAutoConfiguration, org.springframework.boot.autoconfigure.context.MessageSourceAutoConfiguration, org.springframework.boot.autoconfigure.data.web.SpringDataWebAutoConfiguration, org.springframework.boot.autoconfigure.freemarker.FreeMarkerAutoConfiguration, org.springframework.boot.autoconfigure.groovy.template.GroovyTemplateAutoConfiguration, org.springframework.boot.autoconfigure.gson.GsonAutoConfiguration, org.springframework.boot.autoconfigure.hateoas.HypermediaAutoConfiguration, org.springframework.boot.autoconfigure.http.HttpMessageConvertersAutoConfiguration, org.springframework.boot.autoconfigure.jackson.JacksonAutoConfiguration, org.springframework.boot.autoconfigure.jsonb.JsonbAutoConfiguration, org.springframework.boot.autoconfigure.mustache.MustacheAutoConfiguration, org.springframework.boot.autoconfigure.task.TaskExecutionAutoConfiguration, org.springframework.boot.autoconfigure.thymeleaf.ThymeleafAutoConfiguration, org.springframework.boot.autoconfigure.validation.ValidationAutoConfiguration, org.springframework.boot.autoconfigure.web.servlet.error.ErrorMvcAutoConfiguration, org.springframework.boot.autoconfigure.web.servlet.WebMvcAutoConfiguration, org.springframework.boot.test.autoconfigure.web.servlet.MockMvcAutoConfiguration, org.springframework.boot.test.autoconfigure.web.servlet.MockMvcSecurityAutoConfiguration, org.springframework.boot.test.autoconfigure.web.servlet.MockMvcWebClientAutoConfiguration, org.springframework.boot.test.autoconfigure.web.servlet.MockMvcWebDriverAutoConfiguration]], org.springframework.boot.test.context.filter.ExcludeFilterContextCustomizer@5d1bf9a5, org.springframework.boot.test.json.DuplicateJsonObjectContextCustomizerFactory$DuplicateJsonObjectContextCustomizer@595b3fe8, org.springframework.boot.test.mock.mockito.MockitoContextCustomizer@0], resourceBasePath = 'src/main/webapp', contextLoader = 'org.springframework.boot.test.context.SpringBootContextLoader', parent = [null]], attributes = map[[empty]]], class annotated with @DirtiesContext [false] with mode [null].
17:48:59.557 [Test worker] DEBUG org.springframework.test.annotation.ProfileValueUtils - Retrieved @ProfileValueSourceConfiguration [null] for test class [example.org.web.HelloControllerTest]
17:48:59.557 [Test worker] DEBUG org.springframework.test.annotation.ProfileValueUtils - Retrieved ProfileValueSource type [class org.springframework.test.annotation.SystemProfileValueSource] for class [example.org.web.HelloControllerTest]
17:48:59.564 [Test worker] DEBUG org.springframework.test.context.support.DependencyInjectionTestExecutionListener - Performing dependency injection for test context [[DefaultTestContext@26a08374 testClass = HelloControllerTest, testInstance = example.org.web.HelloControllerTest@1ac520de, testMethod = [null], testException = [null], mergedContextConfiguration = [WebMergedContextConfiguration@265da176 testClass = HelloControllerTest, locations = '{}', classes = '{class example.org.Application}', contextInitializerClasses = '[]', activeProfiles = '{}', propertySourceLocations = '{}', propertySourceProperties = '{org.springframework.boot.test.autoconfigure.web.servlet.WebMvcTestContextBootstrapper=true}', contextCustomizers = set[org.springframework.boot.test.autoconfigure.OverrideAutoConfigurationContextCustomizerFactory$DisableAutoConfigurationContextCustomizer@8cc781e, org.springframework.boot.test.autoconfigure.filter.TypeExcludeFiltersContextCustomizer@b570a9d4, org.springframework.boot.test.autoconfigure.properties.PropertyMappingContextCustomizer@bc337480, org.springframework.boot.test.autoconfigure.web.servlet.WebDriverContextCustomizerFactory$Customizer@47bf7a76, [ImportsContextCustomizer@19733a9d key = [org.springframework.boot.autoconfigure.cache.CacheAutoConfiguration, org.springframework.boot.autoconfigure.context.MessageSourceAutoConfiguration, org.springframework.boot.autoconfigure.data.web.SpringDataWebAutoConfiguration, org.springframework.boot.autoconfigure.freemarker.FreeMarkerAutoConfiguration, org.springframework.boot.autoconfigure.groovy.template.GroovyTemplateAutoConfiguration, org.springframework.boot.autoconfigure.gson.GsonAutoConfiguration, org.springframework.boot.autoconfigure.hateoas.HypermediaAutoConfiguration, org.springframework.boot.autoconfigure.http.HttpMessageConvertersAutoConfiguration, org.springframework.boot.autoconfigure.jackson.JacksonAutoConfiguration, org.springframework.boot.autoconfigure.jsonb.JsonbAutoConfiguration, org.springframework.boot.autoconfigure.mustache.MustacheAutoConfiguration, org.springframework.boot.autoconfigure.task.TaskExecutionAutoConfiguration, org.springframework.boot.autoconfigure.thymeleaf.ThymeleafAutoConfiguration, org.springframework.boot.autoconfigure.validation.ValidationAutoConfiguration, org.springframework.boot.autoconfigure.web.servlet.error.ErrorMvcAutoConfiguration, org.springframework.boot.autoconfigure.web.servlet.WebMvcAutoConfiguration, org.springframework.boot.test.autoconfigure.web.servlet.MockMvcAutoConfiguration, org.springframework.boot.test.autoconfigure.web.servlet.MockMvcSecurityAutoConfiguration, org.springframework.boot.test.autoconfigure.web.servlet.MockMvcWebClientAutoConfiguration, org.springframework.boot.test.autoconfigure.web.servlet.MockMvcWebDriverAutoConfiguration]], org.springframework.boot.test.context.filter.ExcludeFilterContextCustomizer@5d1bf9a5, org.springframework.boot.test.json.DuplicateJsonObjectContextCustomizerFactory$DuplicateJsonObjectContextCustomizer@595b3fe8, org.springframework.boot.test.mock.mockito.MockitoContextCustomizer@0], resourceBasePath = 'src/main/webapp', contextLoader = 'org.springframework.boot.test.context.SpringBootContextLoader', parent = [null]], attributes = map[[empty]]]].
17:48:59.787 [Test worker] DEBUG org.springframework.test.context.support.TestPropertySourceUtils - Adding inlined properties to environment: {spring.jmx.enabled=false, org.springframework.boot.test.autoconfigure.web.servlet.WebMvcTestContextBootstrapper=true, server.port=-1}

  .   ____          _            __ _ _
 /\\ / ___'_ __ _ _(_)_ __  __ _ \ \ \ \
( ( )\___ | '_ | '_| | '_ \/ _` | \ \ \ \
 \\/  ___)| |_)| | | | | || (_| |  ) ) ) )
  '  |____| .__|_| |_|_| |_\__, | / / / /
 =========|_|==============|___/=/_/_/_/
 :: Spring Boot ::        (v2.1.7.RELEASE)

2021-01-14 17:49:00.766  INFO 18308 --- [    Test worker] example.org.web.HelloControllerTest      : Starting HelloControllerTest on DESKTOP-4QHQ616 with PID 18308 (started by byung in C:\Users\byung\IdeaProjects\SpringBoot_IntelliJ)
2021-01-14 17:49:00.775  INFO 18308 --- [    Test worker] example.org.web.HelloControllerTest      : No active profile set, falling back to default profiles: default
2021-01-14 17:49:04.351  INFO 18308 --- [    Test worker] o.s.s.concurrent.ThreadPoolTaskExecutor  : Initializing ExecutorService 'applicationTaskExecutor'
2021-01-14 17:49:04.503  INFO 18308 --- [    Test worker] o.s.b.a.w.s.WelcomePageHandlerMapping    : Adding welcome page template: index
2021-01-14 17:49:05.286  INFO 18308 --- [    Test worker] .s.s.UserDetailsServiceAutoConfiguration : 

Using generated security password: 53d9e6f2-2bfc-412f-bf28-bca604605fdb

2021-01-14 17:49:05.785  INFO 18308 --- [    Test worker] o.s.s.web.DefaultSecurityFilterChain     : Creating filter chain: any request, [org.springframework.security.web.context.request.async.WebAsyncManagerIntegrationFilter@2bdd65bb, org.springframework.security.web.context.SecurityContextPersistenceFilter@5725a779, org.springframework.security.web.header.HeaderWriterFilter@1d7e426, org.springframework.security.web.csrf.CsrfFilter@6a556c6a, org.springframework.security.web.authentication.logout.LogoutFilter@12cde70e, org.springframework.security.web.authentication.UsernamePasswordAuthenticationFilter@29adccb6, org.springframework.security.web.authentication.ui.DefaultLoginPageGeneratingFilter@3ab92058, org.springframework.security.web.authentication.ui.DefaultLogoutPageGeneratingFilter@79def3a, org.springframework.security.web.authentication.www.BasicAuthenticationFilter@2bb74b2e, org.springframework.security.web.savedrequest.RequestCacheAwareFilter@69a02dea, org.springframework.security.web.servletapi.SecurityContextHolderAwareRequestFilter@9eabf8a, org.springframework.security.web.authentication.AnonymousAuthenticationFilter@5fa43688, org.springframework.security.web.session.SessionManagementFilter@93b1258, org.springframework.security.web.access.ExceptionTranslationFilter@68d7b4ed, org.springframework.security.web.access.intercept.FilterSecurityInterceptor@745a0bfd]
2021-01-14 17:49:05.911  INFO 18308 --- [    Test worker] o.s.b.t.m.w.SpringBootMockServletContext : Initializing Spring TestDispatcherServlet ''
2021-01-14 17:49:05.911  INFO 18308 --- [    Test worker] o.s.t.web.servlet.TestDispatcherServlet  : Initializing Servlet ''
2021-01-14 17:49:05.940  INFO 18308 --- [    Test worker] o.s.t.web.servlet.TestDispatcherServlet  : Completed initialization in 29 ms
2021-01-14 17:49:06.028  INFO 18308 --- [    Test worker] example.org.web.HelloControllerTest      : Started HelloControllerTest in 6.228 seconds (JVM running for 9.609)
]]></system-out>
  <system-err><![CDATA[]]></system-err>
</testsuite>
