<?xml version="1.0" encoding="UTF-8"?>
<testsuite name="example.org.web.dto.HelloResponseDtoTest" tests="1" skipped="0" failures="0" errors="0" timestamp="2021-01-17T13:50:06" hostname="DESKTOP-4QHQ616" time="0.007">
  <properties/>
  <testcase name="lombok_Test" classname="example.org.web.dto.HelloResponseDtoTest" time="0.007"/>
  <system-out><![CDATA[]]></system-out>
  <system-err><![CDATA[]]></system-err>
</testsuite>
