<?xml version="1.0" encoding="UTF-8"?>
<testsuite name="example.org.web.HelloControllerTest" tests="2" skipped="0" failures="0" errors="0" timestamp="2021-01-17T13:50:10" hostname="DESKTOP-4QHQ616" time="0.66">
  <properties/>
  <testcase name="hello가_리턴된다" classname="example.org.web.HelloControllerTest" time="0.398"/>
  <testcase name="helloDTO_return" classname="example.org.web.HelloControllerTest" time="0.26"/>
  <system-out><![CDATA[2021-01-17 22:50:06.364  INFO 9448 --- [    Test worker] .b.t.a.w.s.WebMvcTestContextBootstrapper : Neither @ContextConfiguration nor @ContextHierarchy found for test class [example.org.web.HelloControllerTest], using SpringBootContextLoader
2021-01-17 22:50:06.364  INFO 9448 --- [    Test worker] o.s.t.c.support.AbstractContextLoader    : Could not detect default resource locations for test class [example.org.web.HelloControllerTest]: no resource found for suffixes {-context.xml, Context.groovy}.
2021-01-17 22:50:06.364  INFO 9448 --- [    Test worker] t.c.s.AnnotationConfigContextLoaderUtils : Could not detect default configuration classes for test class [example.org.web.HelloControllerTest]: HelloControllerTest does not declare any static, non-private, non-final, nested classes annotated with @Configuration.
2021-01-17 22:50:06.567  INFO 9448 --- [    Test worker] .b.t.c.SpringBootTestContextBootstrapper : Found @SpringBootConfiguration example.org.Application for test class example.org.web.HelloControllerTest
2021-01-17 22:50:06.567  INFO 9448 --- [    Test worker] .b.t.a.w.s.WebMvcTestContextBootstrapper : Loaded default TestExecutionListener class names from location [META-INF/spring.factories]: [org.springframework.security.test.context.support.WithSecurityContextTestExecutionListener, org.springframework.security.test.context.support.ReactorContextTestExecutionListener, org.springframework.boot.test.autoconfigure.restdocs.RestDocsTestExecutionListener, org.springframework.boot.test.autoconfigure.web.client.MockRestServiceServerResetTestExecutionListener, org.springframework.boot.test.autoconfigure.web.servlet.MockMvcPrintOnlyOnFailureTestExecutionListener, org.springframework.boot.test.autoconfigure.web.servlet.WebDriverTestExecutionListener, org.springframework.boot.test.mock.mockito.MockitoTestExecutionListener, org.springframework.boot.test.mock.mockito.ResetMocksTestExecutionListener, org.springframework.test.context.web.ServletTestExecutionListener, org.springframework.test.context.support.DirtiesContextBeforeModesTestExecutionListener, org.springframework.test.context.support.DependencyInjectionTestExecutionListener, org.springframework.test.context.support.DirtiesContextTestExecutionListener, org.springframework.test.context.transaction.TransactionalTestExecutionListener, org.springframework.test.context.jdbc.SqlScriptsTestExecutionListener]
2021-01-17 22:50:06.614  INFO 9448 --- [    Test worker] .b.t.a.w.s.WebMvcTestContextBootstrapper : Using TestExecutionListeners: [org.springframework.test.context.web.ServletTestExecutionListener@22c06664, org.springframework.test.context.support.DirtiesContextBeforeModesTestExecutionListener@7f297f1f, org.springframework.boot.test.mock.mockito.MockitoTestExecutionListener@3b86fa1c, org.springframework.boot.test.autoconfigure.SpringBootDependencyInjectionTestExecutionListener@6991d5d3, org.springframework.test.context.support.DirtiesContextTestExecutionListener@48437dc3, org.springframework.test.context.transaction.TransactionalTestExecutionListener@7c263253, org.springframework.test.context.jdbc.SqlScriptsTestExecutionListener@707c71d1, org.springframework.security.test.context.support.WithSecurityContextTestExecutionListener@17240d40, org.springframework.security.test.context.support.ReactorContextTestExecutionListener@445ac702, org.springframework.boot.test.autoconfigure.restdocs.RestDocsTestExecutionListener@9a3c170, org.springframework.boot.test.autoconfigure.web.client.MockRestServiceServerResetTestExecutionListener@1ac2db6c, org.springframework.boot.test.autoconfigure.web.servlet.MockMvcPrintOnlyOnFailureTestExecutionListener@2dbb9b79, org.springframework.boot.test.autoconfigure.web.servlet.WebDriverTestExecutionListener@3fcb2b1b, org.springframework.boot.test.mock.mockito.ResetMocksTestExecutionListener@28f4c5d3]

  .   ____          _            __ _ _
 /\\ / ___'_ __ _ _(_)_ __  __ _ \ \ \ \
( ( )\___ | '_ | '_| | '_ \/ _` | \ \ \ \
 \\/  ___)| |_)| | | | | || (_| |  ) ) ) )
  '  |____| .__|_| |_|_| |_\__, | / / / /
 =========|_|==============|___/=/_/_/_/
 :: Spring Boot ::        (v2.1.7.RELEASE)

2021-01-17 22:50:06.770  INFO 9448 --- [    Test worker] example.org.web.HelloControllerTest      : Starting HelloControllerTest on DESKTOP-4QHQ616 with PID 9448 (started by byung in C:\Users\byung\IdeaProjects\SpringBoot_IntelliJ)
2021-01-17 22:50:06.801  INFO 9448 --- [    Test worker] example.org.web.HelloControllerTest      : No active profile set, falling back to default profiles: default
2021-01-17 22:50:08.473  INFO 9448 --- [    Test worker] o.s.s.concurrent.ThreadPoolTaskExecutor  : Initializing ExecutorService 'applicationTaskExecutor'
2021-01-17 22:50:08.567  INFO 9448 --- [    Test worker] o.s.b.a.w.s.WelcomePageHandlerMapping    : Adding welcome page template: index
2021-01-17 22:50:09.207  INFO 9448 --- [    Test worker] .s.s.UserDetailsServiceAutoConfiguration : 

Using generated security password: 6801d22f-66fd-4ecc-8f9b-f124f115f66f

2021-01-17 22:50:09.738  INFO 9448 --- [    Test worker] o.s.s.web.DefaultSecurityFilterChain     : Creating filter chain: any request, [org.springframework.security.web.context.request.async.WebAsyncManagerIntegrationFilter@21a5d8de, org.springframework.security.web.context.SecurityContextPersistenceFilter@3ba3546e, org.springframework.security.web.header.HeaderWriterFilter@7d90ff29, org.springframework.security.web.csrf.CsrfFilter@2ced029c, org.springframework.security.web.authentication.logout.LogoutFilter@453249c3, org.springframework.security.web.authentication.UsernamePasswordAuthenticationFilter@a5a2ad3, org.springframework.security.web.authentication.ui.DefaultLoginPageGeneratingFilter@3c8bc6, org.springframework.security.web.authentication.ui.DefaultLogoutPageGeneratingFilter@7af2728b, org.springframework.security.web.authentication.www.BasicAuthenticationFilter@2fb47a40, org.springframework.security.web.savedrequest.RequestCacheAwareFilter@2c0bfb2c, org.springframework.security.web.servletapi.SecurityContextHolderAwareRequestFilter@56182033, org.springframework.security.web.authentication.AnonymousAuthenticationFilter@769871ef, org.springframework.security.web.session.SessionManagementFilter@39adfbe5, org.springframework.security.web.access.ExceptionTranslationFilter@27461f21, org.springframework.security.web.access.intercept.FilterSecurityInterceptor@f2b9766]
2021-01-17 22:50:09.848  INFO 9448 --- [    Test worker] o.s.b.t.m.w.SpringBootMockServletContext : Initializing Spring TestDispatcherServlet ''
2021-01-17 22:50:09.848  INFO 9448 --- [    Test worker] o.s.t.web.servlet.TestDispatcherServlet  : Initializing Servlet ''
2021-01-17 22:50:09.910  INFO 9448 --- [    Test worker] o.s.t.web.servlet.TestDispatcherServlet  : Completed initialization in 62 ms
2021-01-17 22:50:10.035  INFO 9448 --- [    Test worker] example.org.web.HelloControllerTest      : Started HelloControllerTest in 3.405 seconds (JVM running for 34.123)
]]></system-out>
  <system-err><![CDATA[]]></system-err>
</testsuite>
