<?xml version="1.0" encoding="UTF-8"?>
<testsuite name="example.org.web.IndexControllerTest" tests="1" skipped="0" failures="0" errors="0" timestamp="2020-10-15T06:58:58" hostname="DESKTOP-4QHQ616" time="0.338">
  <properties/>
  <testcase name="main" classname="example.org.web.IndexControllerTest" time="0.338"/>
  <system-out><![CDATA[2020-10-15 15:58:58.871  INFO 11956 --- [    Test worker] .b.t.c.SpringBootTestContextBootstrapper : Neither @ContextConfiguration nor @ContextHierarchy found for test class [example.org.web.IndexControllerTest], using SpringBootContextLoader
2020-10-15 15:58:58.874  INFO 11956 --- [    Test worker] o.s.t.c.support.AbstractContextLoader    : Could not detect default resource locations for test class [example.org.web.IndexControllerTest]: no resource found for suffixes {-context.xml, Context.groovy}.
2020-10-15 15:58:58.876  INFO 11956 --- [    Test worker] t.c.s.AnnotationConfigContextLoaderUtils : Could not detect default configuration classes for test class [example.org.web.IndexControllerTest]: IndexControllerTest does not declare any static, non-private, non-final, nested classes annotated with @Configuration.
2020-10-15 15:58:58.881  INFO 11956 --- [    Test worker] .b.t.c.SpringBootTestContextBootstrapper : Found @SpringBootConfiguration example.org.Application for test class example.org.web.IndexControllerTest
2020-10-15 15:58:58.889  INFO 11956 --- [    Test worker] .b.t.c.SpringBootTestContextBootstrapper : Loaded default TestExecutionListener class names from location [META-INF/spring.factories]: [org.springframework.security.test.context.support.WithSecurityContextTestExecutionListener, org.springframework.security.test.context.support.ReactorContextTestExecutionListener, org.springframework.boot.test.autoconfigure.restdocs.RestDocsTestExecutionListener, org.springframework.boot.test.autoconfigure.web.client.MockRestServiceServerResetTestExecutionListener, org.springframework.boot.test.autoconfigure.web.servlet.MockMvcPrintOnlyOnFailureTestExecutionListener, org.springframework.boot.test.autoconfigure.web.servlet.WebDriverTestExecutionListener, org.springframework.boot.test.mock.mockito.MockitoTestExecutionListener, org.springframework.boot.test.mock.mockito.ResetMocksTestExecutionListener, org.springframework.test.context.web.ServletTestExecutionListener, org.springframework.test.context.support.DirtiesContextBeforeModesTestExecutionListener, org.springframework.test.context.support.DependencyInjectionTestExecutionListener, org.springframework.test.context.support.DirtiesContextTestExecutionListener, org.springframework.test.context.transaction.TransactionalTestExecutionListener, org.springframework.test.context.jdbc.SqlScriptsTestExecutionListener]
2020-10-15 15:58:58.891  INFO 11956 --- [    Test worker] .b.t.c.SpringBootTestContextBootstrapper : Using TestExecutionListeners: [org.springframework.test.context.web.ServletTestExecutionListener@ca736a0, org.springframework.test.context.support.DirtiesContextBeforeModesTestExecutionListener@bb1f287, org.springframework.boot.test.mock.mockito.MockitoTestExecutionListener@1771eec9, org.springframework.boot.test.autoconfigure.SpringBootDependencyInjectionTestExecutionListener@ea35342, org.springframework.test.context.support.DirtiesContextTestExecutionListener@3b046600, org.springframework.test.context.transaction.TransactionalTestExecutionListener@3f258e2d, org.springframework.test.context.jdbc.SqlScriptsTestExecutionListener@273a28a6, org.springframework.security.test.context.support.WithSecurityContextTestExecutionListener@33975640, org.springframework.security.test.context.support.ReactorContextTestExecutionListener@2bbb1254, org.springframework.boot.test.autoconfigure.restdocs.RestDocsTestExecutionListener@38fcb5e8, org.springframework.boot.test.autoconfigure.web.client.MockRestServiceServerResetTestExecutionListener@4e75c549, org.springframework.boot.test.autoconfigure.web.servlet.MockMvcPrintOnlyOnFailureTestExecutionListener@4759bf91, org.springframework.boot.test.autoconfigure.web.servlet.WebDriverTestExecutionListener@34032c9c, org.springframework.boot.test.mock.mockito.ResetMocksTestExecutionListener@690d8c01]
Hibernate: select posts0_.id as id1_0_, posts0_.created_date as created_2_0_, posts0_.modified_date as modified3_0_, posts0_.author as author4_0_, posts0_.content as content5_0_, posts0_.title as title6_0_ from posts posts0_ order by posts0_.id desc
]]></system-out>
  <system-err><![CDATA[]]></system-err>
</testsuite>
