<?xml version="1.0" encoding="UTF-8"?>
<testsuite name="example.org.web.ProfileControllerTest" tests="1" skipped="0" failures="0" errors="0" timestamp="2021-01-25T13:54:48" hostname="DESKTOP-4QHQ616" time="1.286">
  <properties/>
  <testcase name="profile_call" classname="example.org.web.ProfileControllerTest" time="1.286"/>
  <system-out><![CDATA[22:54:29.713 [Test worker] DEBUG org.springframework.test.context.junit4.SpringJUnit4ClassRunner - SpringJUnit4ClassRunner constructor called with [class example.org.web.ProfileControllerTest]
22:54:29.729 [Test worker] DEBUG org.springframework.test.context.BootstrapUtils - Instantiating CacheAwareContextLoaderDelegate from class [org.springframework.test.context.cache.DefaultCacheAwareContextLoaderDelegate]
22:54:29.767 [Test worker] DEBUG org.springframework.test.context.BootstrapUtils - Instantiating BootstrapContext using constructor [public org.springframework.test.context.support.DefaultBootstrapContext(java.lang.Class,org.springframework.test.context.CacheAwareContextLoaderDelegate)]
22:54:29.796 [Test worker] DEBUG org.springframework.test.context.BootstrapUtils - Instantiating TestContextBootstrapper for test class [example.org.web.ProfileControllerTest] from class [org.springframework.boot.test.context.SpringBootTestContextBootstrapper]
22:54:29.829 [Test worker] INFO org.springframework.boot.test.context.SpringBootTestContextBootstrapper - Neither @ContextConfiguration nor @ContextHierarchy found for test class [example.org.web.ProfileControllerTest], using SpringBootContextLoader
22:54:29.835 [Test worker] DEBUG org.springframework.test.context.support.AbstractContextLoader - Did not detect default resource location for test class [example.org.web.ProfileControllerTest]: class path resource [example/org/web/ProfileControllerTest-context.xml] does not exist
22:54:29.837 [Test worker] DEBUG org.springframework.test.context.support.AbstractContextLoader - Did not detect default resource location for test class [example.org.web.ProfileControllerTest]: class path resource [example/org/web/ProfileControllerTestContext.groovy] does not exist
22:54:29.838 [Test worker] INFO org.springframework.test.context.support.AbstractContextLoader - Could not detect default resource locations for test class [example.org.web.ProfileControllerTest]: no resource found for suffixes {-context.xml, Context.groovy}.
22:54:29.839 [Test worker] INFO org.springframework.test.context.support.AnnotationConfigContextLoaderUtils - Could not detect default configuration classes for test class [example.org.web.ProfileControllerTest]: ProfileControllerTest does not declare any static, non-private, non-final, nested classes annotated with @Configuration.
22:54:29.926 [Test worker] DEBUG org.springframework.test.context.support.ActiveProfilesUtils - Could not find an 'annotation declaring class' for annotation type [org.springframework.test.context.ActiveProfiles] and class [example.org.web.ProfileControllerTest]
22:54:30.159 [Test worker] DEBUG org.springframework.context.annotation.ClassPathScanningCandidateComponentProvider - Identified candidate component class: file [C:\Users\byung\IdeaProjects\SpringBoot_IntelliJ\build\classes\java\main\example\org\Application.class]
22:54:30.163 [Test worker] INFO org.springframework.boot.test.context.SpringBootTestContextBootstrapper - Found @SpringBootConfiguration example.org.Application for test class example.org.web.ProfileControllerTest
22:54:30.379 [Test worker] DEBUG org.springframework.boot.test.context.SpringBootTestContextBootstrapper - @TestExecutionListeners is not present for class [example.org.web.ProfileControllerTest]: using defaults.
22:54:30.381 [Test worker] INFO org.springframework.boot.test.context.SpringBootTestContextBootstrapper - Loaded default TestExecutionListener class names from location [META-INF/spring.factories]: [org.springframework.security.test.context.support.WithSecurityContextTestExecutionListener, org.springframework.security.test.context.support.ReactorContextTestExecutionListener, org.springframework.boot.test.autoconfigure.restdocs.RestDocsTestExecutionListener, org.springframework.boot.test.autoconfigure.web.client.MockRestServiceServerResetTestExecutionListener, org.springframework.boot.test.autoconfigure.web.servlet.MockMvcPrintOnlyOnFailureTestExecutionListener, org.springframework.boot.test.autoconfigure.web.servlet.WebDriverTestExecutionListener, org.springframework.boot.test.mock.mockito.MockitoTestExecutionListener, org.springframework.boot.test.mock.mockito.ResetMocksTestExecutionListener, org.springframework.test.context.web.ServletTestExecutionListener, org.springframework.test.context.support.DirtiesContextBeforeModesTestExecutionListener, org.springframework.test.context.support.DependencyInjectionTestExecutionListener, org.springframework.test.context.support.DirtiesContextTestExecutionListener, org.springframework.test.context.transaction.TransactionalTestExecutionListener, org.springframework.test.context.jdbc.SqlScriptsTestExecutionListener]
22:54:30.440 [Test worker] INFO org.springframework.boot.test.context.SpringBootTestContextBootstrapper - Using TestExecutionListeners: [org.springframework.test.context.web.ServletTestExecutionListener@2f3e3fcf, org.springframework.test.context.support.DirtiesContextBeforeModesTestExecutionListener@613747c2, org.springframework.boot.test.mock.mockito.MockitoTestExecutionListener@2894deb6, org.springframework.boot.test.autoconfigure.SpringBootDependencyInjectionTestExecutionListener@4b593c64, org.springframework.test.context.support.DirtiesContextTestExecutionListener@15c7b287, org.springframework.test.context.transaction.TransactionalTestExecutionListener@4e15eeaa, org.springframework.test.context.jdbc.SqlScriptsTestExecutionListener@407af8b0, org.springframework.security.test.context.support.WithSecurityContextTestExecutionListener@424246c7, org.springframework.security.test.context.support.ReactorContextTestExecutionListener@6a399782, org.springframework.boot.test.autoconfigure.restdocs.RestDocsTestExecutionListener@b3844d1, org.springframework.boot.test.autoconfigure.web.client.MockRestServiceServerResetTestExecutionListener@1c90827e, org.springframework.boot.test.autoconfigure.web.servlet.MockMvcPrintOnlyOnFailureTestExecutionListener@4cb48b55, org.springframework.boot.test.autoconfigure.web.servlet.WebDriverTestExecutionListener@6a9780c6, org.springframework.boot.test.mock.mockito.ResetMocksTestExecutionListener@23404f89]
22:54:30.446 [Test worker] DEBUG org.springframework.test.annotation.ProfileValueUtils - Retrieved @ProfileValueSourceConfiguration [null] for test class [example.org.web.ProfileControllerTest]
22:54:30.447 [Test worker] DEBUG org.springframework.test.annotation.ProfileValueUtils - Retrieved ProfileValueSource type [class org.springframework.test.annotation.SystemProfileValueSource] for class [example.org.web.ProfileControllerTest]
22:54:30.455 [Test worker] DEBUG org.springframework.test.annotation.ProfileValueUtils - Retrieved @ProfileValueSourceConfiguration [null] for test class [example.org.web.ProfileControllerTest]
22:54:30.455 [Test worker] DEBUG org.springframework.test.annotation.ProfileValueUtils - Retrieved ProfileValueSource type [class org.springframework.test.annotation.SystemProfileValueSource] for class [example.org.web.ProfileControllerTest]
22:54:30.457 [Test worker] DEBUG org.springframework.test.annotation.ProfileValueUtils - Retrieved @ProfileValueSourceConfiguration [null] for test class [example.org.web.ProfileControllerTest]
22:54:30.457 [Test worker] DEBUG org.springframework.test.annotation.ProfileValueUtils - Retrieved ProfileValueSource type [class org.springframework.test.annotation.SystemProfileValueSource] for class [example.org.web.ProfileControllerTest]
22:54:30.465 [Test worker] DEBUG org.springframework.test.context.support.AbstractDirtiesContextTestExecutionListener - Before test class: context [DefaultTestContext@5fbe3f94 testClass = ProfileControllerTest, testInstance = [null], testMethod = [null], testException = [null], mergedContextConfiguration = [WebMergedContextConfiguration@52f72f69 testClass = ProfileControllerTest, locations = '{}', classes = '{class example.org.Application}', contextInitializerClasses = '[]', activeProfiles = '{}', propertySourceLocations = '{}', propertySourceProperties = '{org.springframework.boot.test.context.SpringBootTestContextBootstrapper=true, server.port=0}', contextCustomizers = set[org.springframework.boot.test.autoconfigure.properties.PropertyMappingContextCustomizer@0, org.springframework.boot.test.autoconfigure.web.servlet.WebDriverContextCustomizerFactory$Customizer@4bd31196, org.springframework.boot.test.context.filter.ExcludeFilterContextCustomizer@601c6cff, org.springframework.boot.test.json.DuplicateJsonObjectContextCustomizerFactory$DuplicateJsonObjectContextCustomizer@7b127e27, org.springframework.boot.test.mock.mockito.MockitoContextCustomizer@0, org.springframework.boot.test.web.client.TestRestTemplateContextCustomizer@3eccd90], resourceBasePath = 'src/main/webapp', contextLoader = 'org.springframework.boot.test.context.SpringBootContextLoader', parent = [null]], attributes = map['org.springframework.test.context.web.ServletTestExecutionListener.activateListener' -> false]], class annotated with @DirtiesContext [false] with mode [null].
22:54:30.466 [Test worker] DEBUG org.springframework.test.annotation.ProfileValueUtils - Retrieved @ProfileValueSourceConfiguration [null] for test class [example.org.web.ProfileControllerTest]
22:54:30.466 [Test worker] DEBUG org.springframework.test.annotation.ProfileValueUtils - Retrieved ProfileValueSource type [class org.springframework.test.annotation.SystemProfileValueSource] for class [example.org.web.ProfileControllerTest]
22:54:30.476 [Test worker] DEBUG org.springframework.test.context.support.DependencyInjectionTestExecutionListener - Performing dependency injection for test context [[DefaultTestContext@5fbe3f94 testClass = ProfileControllerTest, testInstance = example.org.web.ProfileControllerTest@2eec1541, testMethod = [null], testException = [null], mergedContextConfiguration = [WebMergedContextConfiguration@52f72f69 testClass = ProfileControllerTest, locations = '{}', classes = '{class example.org.Application}', contextInitializerClasses = '[]', activeProfiles = '{}', propertySourceLocations = '{}', propertySourceProperties = '{org.springframework.boot.test.context.SpringBootTestContextBootstrapper=true, server.port=0}', contextCustomizers = set[org.springframework.boot.test.autoconfigure.properties.PropertyMappingContextCustomizer@0, org.springframework.boot.test.autoconfigure.web.servlet.WebDriverContextCustomizerFactory$Customizer@4bd31196, org.springframework.boot.test.context.filter.ExcludeFilterContextCustomizer@601c6cff, org.springframework.boot.test.json.DuplicateJsonObjectContextCustomizerFactory$DuplicateJsonObjectContextCustomizer@7b127e27, org.springframework.boot.test.mock.mockito.MockitoContextCustomizer@0, org.springframework.boot.test.web.client.TestRestTemplateContextCustomizer@3eccd90], resourceBasePath = 'src/main/webapp', contextLoader = 'org.springframework.boot.test.context.SpringBootContextLoader', parent = [null]], attributes = map['org.springframework.test.context.web.ServletTestExecutionListener.activateListener' -> false]]].
22:54:30.525 [Test worker] DEBUG org.springframework.test.context.support.TestPropertySourceUtils - Adding inlined properties to environment: {spring.jmx.enabled=false, org.springframework.boot.test.context.SpringBootTestContextBootstrapper=true, server.port=0}

  .   ____          _            __ _ _
 /\\ / ___'_ __ _ _(_)_ __  __ _ \ \ \ \
( ( )\___ | '_ | '_| | '_ \/ _` | \ \ \ \
 \\/  ___)| |_)| | | | | || (_| |  ) ) ) )
  '  |____| .__|_| |_|_| |_\__, | / / / /
 =========|_|==============|___/=/_/_/_/
 :: Spring Boot ::        (v2.1.7.RELEASE)

2021-01-25 22:54:31.215  INFO 9196 --- [    Test worker] example.org.web.ProfileControllerTest    : Starting ProfileControllerTest on DESKTOP-4QHQ616 with PID 9196 (started by byung in C:\Users\byung\IdeaProjects\SpringBoot_IntelliJ)
2021-01-25 22:54:31.220  INFO 9196 --- [    Test worker] example.org.web.ProfileControllerTest    : No active profile set, falling back to default profiles: default
2021-01-25 22:54:33.757  INFO 9196 --- [    Test worker] .s.d.r.c.RepositoryConfigurationDelegate : Bootstrapping Spring Data repositories in DEFAULT mode.
2021-01-25 22:54:33.955  INFO 9196 --- [    Test worker] .s.d.r.c.RepositoryConfigurationDelegate : Finished Spring Data repository scanning in 174ms. Found 2 repository interfaces.
2021-01-25 22:54:35.059  INFO 9196 --- [    Test worker] trationDelegate$BeanPostProcessorChecker : Bean 'org.springframework.transaction.annotation.ProxyTransactionManagementConfiguration' of type [org.springframework.transaction.annotation.ProxyTransactionManagementConfiguration$$EnhancerBySpringCGLIB$$8b461f9d] is not eligible for getting processed by all BeanPostProcessors (for example: not eligible for auto-proxying)
2021-01-25 22:54:36.000  INFO 9196 --- [    Test worker] o.s.b.w.embedded.tomcat.TomcatWebServer  : Tomcat initialized with port(s): 0 (http)
2021-01-25 22:54:36.055  INFO 9196 --- [    Test worker] o.apache.catalina.core.StandardService   : Starting service [Tomcat]
2021-01-25 22:54:36.055  INFO 9196 --- [    Test worker] org.apache.catalina.core.StandardEngine  : Starting Servlet engine: [Apache Tomcat/9.0.22]
2021-01-25 22:54:36.409  INFO 9196 --- [    Test worker] o.a.c.c.C.[Tomcat].[localhost].[/]       : Initializing Spring embedded WebApplicationContext
2021-01-25 22:54:36.410  INFO 9196 --- [    Test worker] o.s.web.context.ContextLoader            : Root WebApplicationContext: initialization completed in 5091 ms
2021-01-25 22:54:37.389  INFO 9196 --- [    Test worker] com.zaxxer.hikari.HikariDataSource       : HikariPool-1 - Starting...
2021-01-25 22:54:37.829  INFO 9196 --- [    Test worker] com.zaxxer.hikari.HikariDataSource       : HikariPool-1 - Start completed.
2021-01-25 22:54:38.121  INFO 9196 --- [    Test worker] o.hibernate.jpa.internal.util.LogHelper  : HHH000204: Processing PersistenceUnitInfo [
	name: default
	...]
2021-01-25 22:54:38.444  INFO 9196 --- [    Test worker] org.hibernate.Version                    : HHH000412: Hibernate Core {5.3.10.Final}
2021-01-25 22:54:38.452  INFO 9196 --- [    Test worker] org.hibernate.cfg.Environment            : HHH000206: hibernate.properties not found
2021-01-25 22:54:39.009  INFO 9196 --- [    Test worker] o.hibernate.annotations.common.Version   : HCANN000001: Hibernate Commons Annotations {5.0.4.Final}
2021-01-25 22:54:39.576  INFO 9196 --- [    Test worker] org.hibernate.dialect.Dialect            : HHH000400: Using dialect: org.hibernate.dialect.MySQL5InnoDBDialect
Hibernate: drop table if exists persistent_logins
Hibernate: drop table if exists posts
Hibernate: drop table if exists user
Hibernate: create table persistent_logins (series varchar(64) not null, last_used datetime not null, token varchar(64) not null, username varchar(64) not null, primary key (series)) engine=InnoDB
Hibernate: create table posts (id bigint not null auto_increment, created_date datetime, modified_date datetime, author varchar(255), content TEXT not null, email varchar(255), title varchar(500) not null, primary key (id)) engine=InnoDB
Hibernate: create table user (id bigint not null auto_increment, created_date datetime, modified_date datetime, email varchar(255) not null, name varchar(255) not null, password varchar(255), picture varchar(255), role varchar(255) not null, primary key (id)) engine=InnoDB
2021-01-25 22:54:41.500  INFO 9196 --- [    Test worker] o.h.t.schema.internal.SchemaCreatorImpl  : HHH000476: Executing import script 'org.hibernate.tool.schema.internal.exec.ScriptSourceInputNonExistentImpl@173b910f'
2021-01-25 22:54:41.508  INFO 9196 --- [    Test worker] j.LocalContainerEntityManagerFactoryBean : Initialized JPA EntityManagerFactory for persistence unit 'default'
2021-01-25 22:54:43.817  INFO 9196 --- [    Test worker] o.h.h.i.QueryTranslatorFactoryInitiator  : HHH000397: Using ASTQueryTranslatorFactory
2021-01-25 22:54:45.230  INFO 9196 --- [    Test worker] o.s.s.web.DefaultSecurityFilterChain     : Creating filter chain: any request, [org.springframework.security.web.context.request.async.WebAsyncManagerIntegrationFilter@32dea2b0, org.springframework.security.web.context.SecurityContextPersistenceFilter@66c789b1, org.springframework.security.web.header.HeaderWriterFilter@69f3db7c, org.springframework.security.web.authentication.logout.LogoutFilter@34f163be, org.springframework.security.oauth2.client.web.OAuth2AuthorizationRequestRedirectFilter@1c5b135a, org.springframework.security.oauth2.client.web.OAuth2LoginAuthenticationFilter@60215bac, org.springframework.security.web.authentication.UsernamePasswordAuthenticationFilter@29a8667c, org.springframework.security.web.authentication.ui.DefaultLoginPageGeneratingFilter@6cdb0cca, org.springframework.security.web.authentication.ui.DefaultLogoutPageGeneratingFilter@408d450b, org.springframework.security.web.savedrequest.RequestCacheAwareFilter@377703e0, org.springframework.security.web.servletapi.SecurityContextHolderAwareRequestFilter@3402f75e, org.springframework.security.web.authentication.rememberme.RememberMeAuthenticationFilter@c5e63c1, org.springframework.security.web.authentication.AnonymousAuthenticationFilter@6e7c87ac, org.springframework.security.web.session.SessionManagementFilter@8e3f8cb, org.springframework.security.web.access.ExceptionTranslationFilter@40d7c16, org.springframework.security.web.access.intercept.FilterSecurityInterceptor@6105b843]
2021-01-25 22:54:46.259  INFO 9196 --- [    Test worker] o.s.s.concurrent.ThreadPoolTaskExecutor  : Initializing ExecutorService 'applicationTaskExecutor'
2021-01-25 22:54:46.408  WARN 9196 --- [    Test worker] aWebConfiguration$JpaWebMvcConfiguration : spring.jpa.open-in-view is enabled by default. Therefore, database queries may be performed during view rendering. Explicitly configure spring.jpa.open-in-view to disable this warning
2021-01-25 22:54:46.543  INFO 9196 --- [    Test worker] o.s.b.a.w.s.WelcomePageHandlerMapping    : Adding welcome page template: index
2021-01-25 22:54:48.464  INFO 9196 --- [    Test worker] s.a.ScheduledAnnotationBeanPostProcessor : No TaskScheduler/ScheduledExecutorService bean found for scheduled processing
2021-01-25 22:54:48.550  INFO 9196 --- [    Test worker] o.s.b.w.embedded.tomcat.TomcatWebServer  : Tomcat started on port(s): 3698 (http) with context path ''
2021-01-25 22:54:48.555  INFO 9196 --- [    Test worker] example.org.web.ProfileControllerTest    : Started ProfileControllerTest in 18.027 seconds (JVM running for 20.271)
2021-01-25 22:54:49.047  INFO 9196 --- [o-auto-1-exec-1] o.a.c.c.C.[Tomcat].[localhost].[/]       : Initializing Spring DispatcherServlet 'dispatcherServlet'
2021-01-25 22:54:49.048  INFO 9196 --- [o-auto-1-exec-1] o.s.web.servlet.DispatcherServlet        : Initializing Servlet 'dispatcherServlet'
2021-01-25 22:54:49.117  INFO 9196 --- [o-auto-1-exec-1] o.s.web.servlet.DispatcherServlet        : Completed initialization in 69 ms
]]></system-out>
  <system-err><![CDATA[]]></system-err>
</testsuite>
