<?xml version="1.0" encoding="UTF-8"?>
<testsuite name="example.org.domain.posts.PostsRepositoryTest" tests="2" skipped="0" failures="0" errors="0" timestamp="2021-01-17T13:50:05" hostname="DESKTOP-4QHQ616" time="1.007">
  <properties/>
  <testcase name="BaseTimeEntity_registry" classname="example.org.domain.posts.PostsRepositoryTest" time="0.95"/>
  <testcase name="post_save" classname="example.org.domain.posts.PostsRepositoryTest" time="0.056"/>
  <system-out><![CDATA[22:49:39.465 [Test worker] DEBUG org.springframework.test.context.junit4.SpringJUnit4ClassRunner - SpringJUnit4ClassRunner constructor called with [class example.org.domain.posts.PostsRepositoryTest]
22:49:39.484 [Test worker] DEBUG org.springframework.test.context.BootstrapUtils - Instantiating CacheAwareContextLoaderDelegate from class [org.springframework.test.context.cache.DefaultCacheAwareContextLoaderDelegate]
22:49:39.534 [Test worker] DEBUG org.springframework.test.context.BootstrapUtils - Instantiating BootstrapContext using constructor [public org.springframework.test.context.support.DefaultBootstrapContext(java.lang.Class,org.springframework.test.context.CacheAwareContextLoaderDelegate)]
22:49:39.599 [Test worker] DEBUG org.springframework.test.context.BootstrapUtils - Instantiating TestContextBootstrapper for test class [example.org.domain.posts.PostsRepositoryTest] from class [org.springframework.boot.test.context.SpringBootTestContextBootstrapper]
22:49:39.645 [Test worker] INFO org.springframework.boot.test.context.SpringBootTestContextBootstrapper - Neither @ContextConfiguration nor @ContextHierarchy found for test class [example.org.domain.posts.PostsRepositoryTest], using SpringBootContextLoader
22:49:39.655 [Test worker] DEBUG org.springframework.test.context.support.AbstractContextLoader - Did not detect default resource location for test class [example.org.domain.posts.PostsRepositoryTest]: class path resource [example/org/domain/posts/PostsRepositoryTest-context.xml] does not exist
22:49:39.656 [Test worker] DEBUG org.springframework.test.context.support.AbstractContextLoader - Did not detect default resource location for test class [example.org.domain.posts.PostsRepositoryTest]: class path resource [example/org/domain/posts/PostsRepositoryTestContext.groovy] does not exist
22:49:39.657 [Test worker] INFO org.springframework.test.context.support.AbstractContextLoader - Could not detect default resource locations for test class [example.org.domain.posts.PostsRepositoryTest]: no resource found for suffixes {-context.xml, Context.groovy}.
22:49:39.659 [Test worker] INFO org.springframework.test.context.support.AnnotationConfigContextLoaderUtils - Could not detect default configuration classes for test class [example.org.domain.posts.PostsRepositoryTest]: PostsRepositoryTest does not declare any static, non-private, non-final, nested classes annotated with @Configuration.
22:49:39.837 [Test worker] DEBUG org.springframework.test.context.support.ActiveProfilesUtils - Could not find an 'annotation declaring class' for annotation type [org.springframework.test.context.ActiveProfiles] and class [example.org.domain.posts.PostsRepositoryTest]
22:49:40.141 [Test worker] DEBUG org.springframework.context.annotation.ClassPathScanningCandidateComponentProvider - Identified candidate component class: file [C:\Users\byung\IdeaProjects\SpringBoot_IntelliJ\build\classes\java\main\example\org\Application.class]
22:49:40.143 [Test worker] INFO org.springframework.boot.test.context.SpringBootTestContextBootstrapper - Found @SpringBootConfiguration example.org.Application for test class example.org.domain.posts.PostsRepositoryTest
22:49:40.629 [Test worker] DEBUG org.springframework.boot.test.context.SpringBootTestContextBootstrapper - @TestExecutionListeners is not present for class [example.org.domain.posts.PostsRepositoryTest]: using defaults.
22:49:40.632 [Test worker] INFO org.springframework.boot.test.context.SpringBootTestContextBootstrapper - Loaded default TestExecutionListener class names from location [META-INF/spring.factories]: [org.springframework.security.test.context.support.WithSecurityContextTestExecutionListener, org.springframework.security.test.context.support.ReactorContextTestExecutionListener, org.springframework.boot.test.autoconfigure.restdocs.RestDocsTestExecutionListener, org.springframework.boot.test.autoconfigure.web.client.MockRestServiceServerResetTestExecutionListener, org.springframework.boot.test.autoconfigure.web.servlet.MockMvcPrintOnlyOnFailureTestExecutionListener, org.springframework.boot.test.autoconfigure.web.servlet.WebDriverTestExecutionListener, org.springframework.boot.test.mock.mockito.MockitoTestExecutionListener, org.springframework.boot.test.mock.mockito.ResetMocksTestExecutionListener, org.springframework.test.context.web.ServletTestExecutionListener, org.springframework.test.context.support.DirtiesContextBeforeModesTestExecutionListener, org.springframework.test.context.support.DependencyInjectionTestExecutionListener, org.springframework.test.context.support.DirtiesContextTestExecutionListener, org.springframework.test.context.transaction.TransactionalTestExecutionListener, org.springframework.test.context.jdbc.SqlScriptsTestExecutionListener]
22:49:40.778 [Test worker] INFO org.springframework.boot.test.context.SpringBootTestContextBootstrapper - Using TestExecutionListeners: [org.springframework.test.context.web.ServletTestExecutionListener@4f3431d7, org.springframework.test.context.support.DirtiesContextBeforeModesTestExecutionListener@629b2f4b, org.springframework.boot.test.mock.mockito.MockitoTestExecutionListener@d6e4d5f, org.springframework.boot.test.autoconfigure.SpringBootDependencyInjectionTestExecutionListener@24d06dae, org.springframework.test.context.support.DirtiesContextTestExecutionListener@4a044a6a, org.springframework.test.context.transaction.TransactionalTestExecutionListener@71dec516, org.springframework.test.context.jdbc.SqlScriptsTestExecutionListener@ea56ac7, org.springframework.security.test.context.support.WithSecurityContextTestExecutionListener@293fdba0, org.springframework.security.test.context.support.ReactorContextTestExecutionListener@418083f7, org.springframework.boot.test.autoconfigure.restdocs.RestDocsTestExecutionListener@467108a4, org.springframework.boot.test.autoconfigure.web.client.MockRestServiceServerResetTestExecutionListener@6327a1ff, org.springframework.boot.test.autoconfigure.web.servlet.MockMvcPrintOnlyOnFailureTestExecutionListener@349284e0, org.springframework.boot.test.autoconfigure.web.servlet.WebDriverTestExecutionListener@714836be, org.springframework.boot.test.mock.mockito.ResetMocksTestExecutionListener@3fb2341b]
22:49:40.789 [Test worker] DEBUG org.springframework.test.annotation.ProfileValueUtils - Retrieved @ProfileValueSourceConfiguration [null] for test class [example.org.domain.posts.PostsRepositoryTest]
22:49:40.790 [Test worker] DEBUG org.springframework.test.annotation.ProfileValueUtils - Retrieved ProfileValueSource type [class org.springframework.test.annotation.SystemProfileValueSource] for class [example.org.domain.posts.PostsRepositoryTest]
22:49:40.792 [Test worker] DEBUG org.springframework.test.annotation.ProfileValueUtils - Retrieved @ProfileValueSourceConfiguration [null] for test class [example.org.domain.posts.PostsRepositoryTest]
22:49:40.792 [Test worker] DEBUG org.springframework.test.annotation.ProfileValueUtils - Retrieved ProfileValueSource type [class org.springframework.test.annotation.SystemProfileValueSource] for class [example.org.domain.posts.PostsRepositoryTest]
22:49:40.809 [Test worker] DEBUG org.springframework.test.context.support.AbstractDirtiesContextTestExecutionListener - Before test class: context [DefaultTestContext@7be34998 testClass = PostsRepositoryTest, testInstance = [null], testMethod = [null], testException = [null], mergedContextConfiguration = [WebMergedContextConfiguration@4ea6f587 testClass = PostsRepositoryTest, locations = '{}', classes = '{class example.org.Application}', contextInitializerClasses = '[]', activeProfiles = '{}', propertySourceLocations = '{}', propertySourceProperties = '{org.springframework.boot.test.context.SpringBootTestContextBootstrapper=true}', contextCustomizers = set[org.springframework.boot.test.autoconfigure.properties.PropertyMappingContextCustomizer@0, org.springframework.boot.test.autoconfigure.web.servlet.WebDriverContextCustomizerFactory$Customizer@5ae86d6b, org.springframework.boot.test.context.filter.ExcludeFilterContextCustomizer@15618919, org.springframework.boot.test.json.DuplicateJsonObjectContextCustomizerFactory$DuplicateJsonObjectContextCustomizer@99463d1, org.springframework.boot.test.mock.mockito.MockitoContextCustomizer@0, org.springframework.boot.test.web.client.TestRestTemplateContextCustomizer@41cdbd62], resourceBasePath = 'src/main/webapp', contextLoader = 'org.springframework.boot.test.context.SpringBootContextLoader', parent = [null]], attributes = map['org.springframework.test.context.web.ServletTestExecutionListener.activateListener' -> true]], class annotated with @DirtiesContext [false] with mode [null].
22:49:40.813 [Test worker] DEBUG org.springframework.test.annotation.ProfileValueUtils - Retrieved @ProfileValueSourceConfiguration [null] for test class [example.org.domain.posts.PostsRepositoryTest]
22:49:40.814 [Test worker] DEBUG org.springframework.test.annotation.ProfileValueUtils - Retrieved ProfileValueSource type [class org.springframework.test.annotation.SystemProfileValueSource] for class [example.org.domain.posts.PostsRepositoryTest]
22:49:40.940 [Test worker] DEBUG org.springframework.test.context.support.TestPropertySourceUtils - Adding inlined properties to environment: {spring.jmx.enabled=false, org.springframework.boot.test.context.SpringBootTestContextBootstrapper=true, server.port=-1}

  .   ____          _            __ _ _
 /\\ / ___'_ __ _ _(_)_ __  __ _ \ \ \ \
( ( )\___ | '_ | '_| | '_ \/ _` | \ \ \ \
 \\/  ___)| |_)| | | | | || (_| |  ) ) ) )
  '  |____| .__|_| |_|_| |_\__, | / / / /
 =========|_|==============|___/=/_/_/_/
 :: Spring Boot ::        (v2.1.7.RELEASE)

2021-01-17 22:49:42.220  INFO 9448 --- [    Test worker] e.org.domain.posts.PostsRepositoryTest   : Starting PostsRepositoryTest on DESKTOP-4QHQ616 with PID 9448 (started by byung in C:\Users\byung\IdeaProjects\SpringBoot_IntelliJ)
2021-01-17 22:49:42.220  INFO 9448 --- [    Test worker] e.org.domain.posts.PostsRepositoryTest   : No active profile set, falling back to default profiles: default
2021-01-17 22:49:45.475  INFO 9448 --- [    Test worker] .s.d.r.c.RepositoryConfigurationDelegate : Bootstrapping Spring Data repositories in DEFAULT mode.
2021-01-17 22:49:45.750  INFO 9448 --- [    Test worker] .s.d.r.c.RepositoryConfigurationDelegate : Finished Spring Data repository scanning in 251ms. Found 2 repository interfaces.
2021-01-17 22:49:47.664  INFO 9448 --- [    Test worker] trationDelegate$BeanPostProcessorChecker : Bean 'org.springframework.transaction.annotation.ProxyTransactionManagementConfiguration' of type [org.springframework.transaction.annotation.ProxyTransactionManagementConfiguration$$EnhancerBySpringCGLIB$$cdac84c5] is not eligible for getting processed by all BeanPostProcessors (for example: not eligible for auto-proxying)
2021-01-17 22:49:48.671  INFO 9448 --- [    Test worker] com.zaxxer.hikari.HikariDataSource       : HikariPool-1 - Starting...
2021-01-17 22:49:49.371  INFO 9448 --- [    Test worker] com.zaxxer.hikari.HikariDataSource       : HikariPool-1 - Start completed.
2021-01-17 22:49:49.753  INFO 9448 --- [    Test worker] o.hibernate.jpa.internal.util.LogHelper  : HHH000204: Processing PersistenceUnitInfo [
	name: default
	...]
2021-01-17 22:49:50.213  INFO 9448 --- [    Test worker] org.hibernate.Version                    : HHH000412: Hibernate Core {5.3.10.Final}
2021-01-17 22:49:50.218  INFO 9448 --- [    Test worker] org.hibernate.cfg.Environment            : HHH000206: hibernate.properties not found
2021-01-17 22:49:51.025  INFO 9448 --- [    Test worker] o.hibernate.annotations.common.Version   : HCANN000001: Hibernate Commons Annotations {5.0.4.Final}
2021-01-17 22:49:51.781  INFO 9448 --- [    Test worker] org.hibernate.dialect.Dialect            : HHH000400: Using dialect: org.hibernate.dialect.MySQL5InnoDBDialect
Hibernate: drop table if exists persistent_logins
Hibernate: drop table if exists posts
Hibernate: drop table if exists user
Hibernate: create table persistent_logins (series varchar(64) not null, last_used datetime not null, token varchar(64) not null, username varchar(64) not null, primary key (series)) engine=InnoDB
Hibernate: create table posts (id bigint not null auto_increment, created_date datetime, modified_date datetime, author varchar(255), content TEXT not null, title varchar(500) not null, primary key (id)) engine=InnoDB
Hibernate: create table user (id bigint not null auto_increment, created_date datetime, modified_date datetime, email varchar(255) not null, name varchar(255) not null, password varchar(255), picture varchar(255), role varchar(255) not null, primary key (id)) engine=InnoDB
2021-01-17 22:49:54.925  INFO 9448 --- [    Test worker] o.h.t.schema.internal.SchemaCreatorImpl  : HHH000476: Executing import script 'org.hibernate.tool.schema.internal.exec.ScriptSourceInputNonExistentImpl@405009b5'
2021-01-17 22:49:54.941  INFO 9448 --- [    Test worker] j.LocalContainerEntityManagerFactoryBean : Initialized JPA EntityManagerFactory for persistence unit 'default'
2021-01-17 22:49:57.349  INFO 9448 --- [    Test worker] o.h.h.i.QueryTranslatorFactoryInitiator  : HHH000397: Using ASTQueryTranslatorFactory
2021-01-17 22:49:59.614  INFO 9448 --- [    Test worker] o.s.s.web.DefaultSecurityFilterChain     : Creating filter chain: any request, [org.springframework.security.web.context.request.async.WebAsyncManagerIntegrationFilter@3b8de74, org.springframework.security.web.context.SecurityContextPersistenceFilter@62c36cea, org.springframework.security.web.header.HeaderWriterFilter@79898572, org.springframework.security.web.authentication.logout.LogoutFilter@67cacb22, org.springframework.security.oauth2.client.web.OAuth2AuthorizationRequestRedirectFilter@110f8a9d, org.springframework.security.oauth2.client.web.OAuth2LoginAuthenticationFilter@4a0ef1d3, org.springframework.security.web.authentication.UsernamePasswordAuthenticationFilter@62e63b48, org.springframework.security.web.authentication.ui.DefaultLoginPageGeneratingFilter@7ad65305, org.springframework.security.web.authentication.ui.DefaultLogoutPageGeneratingFilter@2bc73a6d, org.springframework.security.web.savedrequest.RequestCacheAwareFilter@597966f1, org.springframework.security.web.servletapi.SecurityContextHolderAwareRequestFilter@6e3fd749, org.springframework.security.web.authentication.rememberme.RememberMeAuthenticationFilter@166d6934, org.springframework.security.web.authentication.AnonymousAuthenticationFilter@51fcf03d, org.springframework.security.web.session.SessionManagementFilter@72539731, org.springframework.security.web.access.ExceptionTranslationFilter@5160dabe, org.springframework.security.web.access.intercept.FilterSecurityInterceptor@7a15914e]
2021-01-17 22:50:03.130  INFO 9448 --- [    Test worker] o.s.s.concurrent.ThreadPoolTaskExecutor  : Initializing ExecutorService 'applicationTaskExecutor'
2021-01-17 22:50:03.334  WARN 9448 --- [    Test worker] aWebConfiguration$JpaWebMvcConfiguration : spring.jpa.open-in-view is enabled by default. Therefore, database queries may be performed during view rendering. Explicitly configure spring.jpa.open-in-view to disable this warning
2021-01-17 22:50:03.521  INFO 9448 --- [    Test worker] o.s.b.a.w.s.WelcomePageHandlerMapping    : Adding welcome page template: index
2021-01-17 22:50:05.161  INFO 9448 --- [    Test worker] s.a.ScheduledAnnotationBeanPostProcessor : No TaskScheduler/ScheduledExecutorService bean found for scheduled processing
2021-01-17 22:50:05.224  INFO 9448 --- [    Test worker] e.org.domain.posts.PostsRepositoryTest   : Started PostsRepositoryTest in 24.246 seconds (JVM running for 29.325)
Hibernate: insert into posts (created_date, modified_date, author, content, title) values (?, ?, ?, ?, ?)
Hibernate: select posts0_.id as id1_1_, posts0_.created_date as created_2_1_, posts0_.modified_date as modified3_1_, posts0_.author as author4_1_, posts0_.content as content5_1_, posts0_.title as title6_1_ from posts posts0_
>>>>>>>>>>>>>>> createDate = 2021-01-17T22:50:05.661, modifiedDate = 2021-01-17T22:50:05.661
Hibernate: select posts0_.id as id1_1_, posts0_.created_date as created_2_1_, posts0_.modified_date as modified3_1_, posts0_.author as author4_1_, posts0_.content as content5_1_, posts0_.title as title6_1_ from posts posts0_
Hibernate: delete from posts where id=?
Hibernate: insert into posts (created_date, modified_date, author, content, title) values (?, ?, ?, ?, ?)
Hibernate: select posts0_.id as id1_1_, posts0_.created_date as created_2_1_, posts0_.modified_date as modified3_1_, posts0_.author as author4_1_, posts0_.content as content5_1_, posts0_.title as title6_1_ from posts posts0_
Hibernate: select posts0_.id as id1_1_, posts0_.created_date as created_2_1_, posts0_.modified_date as modified3_1_, posts0_.author as author4_1_, posts0_.content as content5_1_, posts0_.title as title6_1_ from posts posts0_
Hibernate: delete from posts where id=?
]]></system-out>
  <system-err><![CDATA[]]></system-err>
</testsuite>
