<?xml version="1.0" encoding="UTF-8"?>
<testsuite name="example.org.web.ProfileControllerTest" tests="1" skipped="0" failures="0" errors="0" timestamp="2021-02-06T13:59:39" hostname="DESKTOP-4QHQ616" time="0.043">
  <properties/>
  <testcase name="profile_call()" classname="example.org.web.ProfileControllerTest" time="0.043"/>
  <system-out><![CDATA[2021-02-06 22:59:39.752  INFO 7704 --- [    Test worker] .b.t.c.SpringBootTestContextBootstrapper : Neither @ContextConfiguration nor @ContextHierarchy found for test class [example.org.web.ProfileControllerTest], using SpringBootContextLoader
2021-02-06 22:59:39.754  INFO 7704 --- [    Test worker] o.s.t.c.support.AbstractContextLoader    : Could not detect default resource locations for test class [example.org.web.ProfileControllerTest]: no resource found for suffixes {-context.xml, Context.groovy}.
2021-02-06 22:59:39.754  INFO 7704 --- [    Test worker] t.c.s.AnnotationConfigContextLoaderUtils : Could not detect default configuration classes for test class [example.org.web.ProfileControllerTest]: ProfileControllerTest does not declare any static, non-private, non-final, nested classes annotated with @Configuration.
2021-02-06 22:59:39.760  INFO 7704 --- [    Test worker] .b.t.c.SpringBootTestContextBootstrapper : Found @SpringBootConfiguration example.org.Application for test class example.org.web.ProfileControllerTest
2021-02-06 22:59:39.767  INFO 7704 --- [    Test worker] .b.t.c.SpringBootTestContextBootstrapper : Loaded default TestExecutionListener class names from location [META-INF/spring.factories]: [org.springframework.security.test.context.support.WithSecurityContextTestExecutionListener, org.springframework.security.test.context.support.ReactorContextTestExecutionListener, org.springframework.boot.test.autoconfigure.restdocs.RestDocsTestExecutionListener, org.springframework.boot.test.autoconfigure.web.client.MockRestServiceServerResetTestExecutionListener, org.springframework.boot.test.autoconfigure.web.servlet.MockMvcPrintOnlyOnFailureTestExecutionListener, org.springframework.boot.test.autoconfigure.web.servlet.WebDriverTestExecutionListener, org.springframework.boot.test.autoconfigure.webservices.client.MockWebServiceServerTestExecutionListener, org.springframework.boot.test.mock.mockito.MockitoTestExecutionListener, org.springframework.boot.test.mock.mockito.ResetMocksTestExecutionListener, org.springframework.test.context.web.ServletTestExecutionListener, org.springframework.test.context.support.DirtiesContextBeforeModesTestExecutionListener, org.springframework.test.context.support.DependencyInjectionTestExecutionListener, org.springframework.test.context.support.DirtiesContextTestExecutionListener, org.springframework.test.context.transaction.TransactionalTestExecutionListener, org.springframework.test.context.jdbc.SqlScriptsTestExecutionListener, org.springframework.test.context.event.EventPublishingTestExecutionListener]
2021-02-06 22:59:39.770  INFO 7704 --- [    Test worker] .b.t.c.SpringBootTestContextBootstrapper : Using TestExecutionListeners: [org.springframework.test.context.web.ServletTestExecutionListener@77bfea16, org.springframework.test.context.support.DirtiesContextBeforeModesTestExecutionListener@700616ef, org.springframework.boot.test.mock.mockito.MockitoTestExecutionListener@42d0035d, org.springframework.boot.test.autoconfigure.SpringBootDependencyInjectionTestExecutionListener@314c8979, org.springframework.test.context.support.DirtiesContextTestExecutionListener@39ab2a1c, org.springframework.test.context.transaction.TransactionalTestExecutionListener@795ae2a8, org.springframework.test.context.jdbc.SqlScriptsTestExecutionListener@3b52dc35, org.springframework.security.test.context.support.WithSecurityContextTestExecutionListener@6e809d67, org.springframework.test.context.event.EventPublishingTestExecutionListener@e9bb161, org.springframework.security.test.context.support.ReactorContextTestExecutionListener@20fa5db8, org.springframework.boot.test.autoconfigure.restdocs.RestDocsTestExecutionListener@de49ee6, org.springframework.boot.test.autoconfigure.web.client.MockRestServiceServerResetTestExecutionListener@67654198, org.springframework.boot.test.autoconfigure.web.servlet.MockMvcPrintOnlyOnFailureTestExecutionListener@34a6e4ac, org.springframework.boot.test.autoconfigure.web.servlet.WebDriverTestExecutionListener@4643781d, org.springframework.boot.test.autoconfigure.webservices.client.MockWebServiceServerTestExecutionListener@6ff9cd9d, org.springframework.boot.test.mock.mockito.ResetMocksTestExecutionListener@22dd387b]
]]></system-out>
  <system-err><![CDATA[]]></system-err>
</testsuite>
