<?xml version="1.0" encoding="UTF-8"?>
<testsuite name="example.org.web.IndexControllerTest" tests="1" skipped="0" failures="0" errors="0" timestamp="2021-02-06T13:59:35" hostname="DESKTOP-4QHQ616" time="0.579">
  <properties/>
  <testcase name="main()" classname="example.org.web.IndexControllerTest" time="0.579"/>
  <system-out><![CDATA[2021-02-06 22:59:29.615  INFO 7704 --- [    Test worker] .b.t.c.SpringBootTestContextBootstrapper : Neither @ContextConfiguration nor @ContextHierarchy found for test class [example.org.web.IndexControllerTest], using SpringBootContextLoader
2021-02-06 22:59:29.618  INFO 7704 --- [    Test worker] o.s.t.c.support.AbstractContextLoader    : Could not detect default resource locations for test class [example.org.web.IndexControllerTest]: no resource found for suffixes {-context.xml, Context.groovy}.
2021-02-06 22:59:29.620  INFO 7704 --- [    Test worker] t.c.s.AnnotationConfigContextLoaderUtils : Could not detect default configuration classes for test class [example.org.web.IndexControllerTest]: IndexControllerTest does not declare any static, non-private, non-final, nested classes annotated with @Configuration.
2021-02-06 22:59:29.668  INFO 7704 --- [    Test worker] .b.t.c.SpringBootTestContextBootstrapper : Found @SpringBootConfiguration example.org.Application for test class example.org.web.IndexControllerTest
2021-02-06 22:59:29.673  INFO 7704 --- [    Test worker] .b.t.c.SpringBootTestContextBootstrapper : Loaded default TestExecutionListener class names from location [META-INF/spring.factories]: [org.springframework.security.test.context.support.WithSecurityContextTestExecutionListener, org.springframework.security.test.context.support.ReactorContextTestExecutionListener, org.springframework.boot.test.autoconfigure.restdocs.RestDocsTestExecutionListener, org.springframework.boot.test.autoconfigure.web.client.MockRestServiceServerResetTestExecutionListener, org.springframework.boot.test.autoconfigure.web.servlet.MockMvcPrintOnlyOnFailureTestExecutionListener, org.springframework.boot.test.autoconfigure.web.servlet.WebDriverTestExecutionListener, org.springframework.boot.test.autoconfigure.webservices.client.MockWebServiceServerTestExecutionListener, org.springframework.boot.test.mock.mockito.MockitoTestExecutionListener, org.springframework.boot.test.mock.mockito.ResetMocksTestExecutionListener, org.springframework.test.context.web.ServletTestExecutionListener, org.springframework.test.context.support.DirtiesContextBeforeModesTestExecutionListener, org.springframework.test.context.support.DependencyInjectionTestExecutionListener, org.springframework.test.context.support.DirtiesContextTestExecutionListener, org.springframework.test.context.transaction.TransactionalTestExecutionListener, org.springframework.test.context.jdbc.SqlScriptsTestExecutionListener, org.springframework.test.context.event.EventPublishingTestExecutionListener]
2021-02-06 22:59:29.674  INFO 7704 --- [    Test worker] .b.t.c.SpringBootTestContextBootstrapper : Using TestExecutionListeners: [org.springframework.test.context.web.ServletTestExecutionListener@10e6833b, org.springframework.test.context.support.DirtiesContextBeforeModesTestExecutionListener@15829a2, org.springframework.boot.test.mock.mockito.MockitoTestExecutionListener@5efdf365, org.springframework.boot.test.autoconfigure.SpringBootDependencyInjectionTestExecutionListener@10f1c19f, org.springframework.test.context.support.DirtiesContextTestExecutionListener@342a77e1, org.springframework.test.context.transaction.TransactionalTestExecutionListener@747f4dff, org.springframework.test.context.jdbc.SqlScriptsTestExecutionListener@45a8eece, org.springframework.security.test.context.support.WithSecurityContextTestExecutionListener@5b4b22dd, org.springframework.test.context.event.EventPublishingTestExecutionListener@3c39c32a, org.springframework.security.test.context.support.ReactorContextTestExecutionListener@322771e7, org.springframework.boot.test.autoconfigure.restdocs.RestDocsTestExecutionListener@30fb27f3, org.springframework.boot.test.autoconfigure.web.client.MockRestServiceServerResetTestExecutionListener@32a4a6fb, org.springframework.boot.test.autoconfigure.web.servlet.MockMvcPrintOnlyOnFailureTestExecutionListener@40f60316, org.springframework.boot.test.autoconfigure.web.servlet.WebDriverTestExecutionListener@49d7faa6, org.springframework.boot.test.autoconfigure.webservices.client.MockWebServiceServerTestExecutionListener@207a88d0, org.springframework.boot.test.mock.mockito.ResetMocksTestExecutionListener@377e615a]

  .   ____          _            __ _ _
 /\\ / ___'_ __ _ _(_)_ __  __ _ \ \ \ \
( ( )\___ | '_ | '_| | '_ \/ _` | \ \ \ \
 \\/  ___)| |_)| | | | | || (_| |  ) ) ) )
  '  |____| .__|_| |_|_| |_\__, | / / / /
 =========|_|==============|___/=/_/_/_/
 :: Spring Boot ::                (v2.4.1)

2021-02-06 22:59:29.784  INFO 7704 --- [    Test worker] example.org.web.IndexControllerTest      : Starting IndexControllerTest using Java 1.8.0_261 on DESKTOP-4QHQ616 with PID 7704 (started by byung in C:\Users\byung\IdeaProjects\SpringBoot_IntelliJ)
2021-02-06 22:59:29.785  INFO 7704 --- [    Test worker] example.org.web.IndexControllerTest      : No active profile set, falling back to default profiles: default
2021-02-06 22:59:30.405  INFO 7704 --- [    Test worker] .s.d.r.c.RepositoryConfigurationDelegate : Bootstrapping Spring Data JPA repositories in DEFAULT mode.
2021-02-06 22:59:30.469  INFO 7704 --- [    Test worker] .s.d.r.c.RepositoryConfigurationDelegate : Finished Spring Data repository scanning in 63 ms. Found 2 JPA repository interfaces.
2021-02-06 22:59:31.562  INFO 7704 --- [    Test worker] o.s.b.w.embedded.tomcat.TomcatWebServer  : Tomcat initialized with port(s): 0 (http)
2021-02-06 22:59:31.602  INFO 7704 --- [    Test worker] o.apache.catalina.core.StandardService   : Starting service [Tomcat]
2021-02-06 22:59:31.603  INFO 7704 --- [    Test worker] org.apache.catalina.core.StandardEngine  : Starting Servlet engine: [Apache Tomcat/9.0.41]
2021-02-06 22:59:31.933  INFO 7704 --- [    Test worker] o.a.c.c.C.[Tomcat].[localhost].[/]       : Initializing Spring embedded WebApplicationContext
2021-02-06 22:59:31.934  INFO 7704 --- [    Test worker] w.s.c.ServletWebServerApplicationContext : Root WebApplicationContext: initialization completed in 2143 ms
2021-02-06 22:59:32.071  INFO 7704 --- [    Test worker] com.zaxxer.hikari.HikariDataSource       : HikariPool-2 - Starting...
2021-02-06 22:59:32.073  INFO 7704 --- [    Test worker] com.zaxxer.hikari.HikariDataSource       : HikariPool-2 - Start completed.
2021-02-06 22:59:32.098  INFO 7704 --- [    Test worker] o.s.b.a.h2.H2ConsoleAutoConfiguration    : H2 console available at '/h2-console'. Database available at 'jdbc:h2:mem:testdb'
2021-02-06 22:59:32.536  INFO 7704 --- [    Test worker] o.hibernate.jpa.internal.util.LogHelper  : HHH000204: Processing PersistenceUnitInfo [name: default]
2021-02-06 22:59:32.556  INFO 7704 --- [    Test worker] org.hibernate.dialect.Dialect            : HHH000400: Using dialect: org.hibernate.dialect.MySQL57Dialect
Hibernate: drop table if exists persistent_logins
Hibernate: drop table if exists posts
Hibernate: drop table if exists user
Hibernate: create table persistent_logins (series varchar(64) not null, last_used datetime(6) not null, token varchar(64) not null, username varchar(64) not null, primary key (series)) engine=InnoDB
Hibernate: create table posts (id bigint not null auto_increment, created_date datetime(6), modified_date datetime(6), author varchar(255), content TEXT not null, email varchar(255), title varchar(500) not null, primary key (id)) engine=InnoDB
Hibernate: create table user (id bigint not null auto_increment, created_date datetime(6), modified_date datetime(6), email varchar(255) not null, name varchar(255) not null, password varchar(255), picture varchar(255), role varchar(255) not null, primary key (id)) engine=InnoDB
2021-02-06 22:59:32.746  INFO 7704 --- [    Test worker] o.h.e.t.j.p.i.JtaPlatformInitiator       : HHH000490: Using JtaPlatform implementation: [org.hibernate.engine.transaction.jta.platform.internal.NoJtaPlatform]
2021-02-06 22:59:32.749  INFO 7704 --- [    Test worker] j.LocalContainerEntityManagerFactoryBean : Initialized JPA EntityManagerFactory for persistence unit 'default'
2021-02-06 22:59:33.498  WARN 7704 --- [    Test worker] JpaBaseConfiguration$JpaWebConfiguration : spring.jpa.open-in-view is enabled by default. Therefore, database queries may be performed during view rendering. Explicitly configure spring.jpa.open-in-view to disable this warning
2021-02-06 22:59:34.351  INFO 7704 --- [    Test worker] o.s.s.web.DefaultSecurityFilterChain     : Will secure any request with [org.springframework.security.web.context.request.async.WebAsyncManagerIntegrationFilter@588c3160, org.springframework.security.web.context.SecurityContextPersistenceFilter@5284ab7d, org.springframework.security.web.header.HeaderWriterFilter@8febd41, org.springframework.security.web.authentication.logout.LogoutFilter@5b2feb2b, org.springframework.security.oauth2.client.web.OAuth2AuthorizationRequestRedirectFilter@665888d0, org.springframework.security.oauth2.client.web.OAuth2LoginAuthenticationFilter@29f350fc, org.springframework.security.web.authentication.UsernamePasswordAuthenticationFilter@2805e3d0, org.springframework.security.web.authentication.ui.DefaultLoginPageGeneratingFilter@1cfb2270, org.springframework.security.web.authentication.ui.DefaultLogoutPageGeneratingFilter@7ab03ca9, org.springframework.security.web.savedrequest.RequestCacheAwareFilter@15b4af07, org.springframework.security.web.servletapi.SecurityContextHolderAwareRequestFilter@68dd0c45, org.springframework.security.web.authentication.rememberme.RememberMeAuthenticationFilter@5f905221, org.springframework.security.web.authentication.AnonymousAuthenticationFilter@49f7e7b3, org.springframework.security.web.session.SessionManagementFilter@3018895f, org.springframework.security.web.access.ExceptionTranslationFilter@287de153, org.springframework.security.web.access.intercept.FilterSecurityInterceptor@66420ae1]
2021-02-06 22:59:34.740  INFO 7704 --- [    Test worker] o.s.s.concurrent.ThreadPoolTaskExecutor  : Initializing ExecutorService 'applicationTaskExecutor'
2021-02-06 22:59:34.843  INFO 7704 --- [    Test worker] o.s.b.a.w.s.WelcomePageHandlerMapping    : Adding welcome page template: index
2021-02-06 22:59:35.553  INFO 7704 --- [    Test worker] o.s.b.w.embedded.tomcat.TomcatWebServer  : Tomcat started on port(s): 5882 (http) with context path ''
2021-02-06 22:59:35.557  INFO 7704 --- [    Test worker] s.a.ScheduledAnnotationBeanPostProcessor : No TaskScheduler/ScheduledExecutorService bean found for scheduled processing
2021-02-06 22:59:35.560  INFO 7704 --- [    Test worker] example.org.web.IndexControllerTest      : Started IndexControllerTest in 5.877 seconds (JVM running for 24.148)
2021-02-06 22:59:35.814  INFO 7704 --- [o-auto-1-exec-1] o.a.c.c.C.[Tomcat].[localhost].[/]       : Initializing Spring DispatcherServlet 'dispatcherServlet'
2021-02-06 22:59:35.815  INFO 7704 --- [o-auto-1-exec-1] o.s.web.servlet.DispatcherServlet        : Initializing Servlet 'dispatcherServlet'
2021-02-06 22:59:35.818  INFO 7704 --- [o-auto-1-exec-1] o.s.web.servlet.DispatcherServlet        : Completed initialization in 3 ms
Hibernate: select posts0_.id as id1_1_, posts0_.created_date as created_2_1_, posts0_.modified_date as modified3_1_, posts0_.author as author4_1_, posts0_.content as content5_1_, posts0_.email as email6_1_, posts0_.title as title7_1_ from posts posts0_ order by posts0_.id desc
]]></system-out>
  <system-err><![CDATA[]]></system-err>
</testsuite>
