<?xml version="1.0" encoding="UTF-8"?>
<testsuite name="example.org.web.HelloControllerTest" tests="2" skipped="0" failures="0" errors="0" timestamp="2021-02-06T13:59:39" hostname="DESKTOP-4QHQ616" time="0.174">
  <properties/>
  <testcase name="hello가_리턴된다()" classname="example.org.web.HelloControllerTest" time="0.048"/>
  <testcase name="helloDTO_return()" classname="example.org.web.HelloControllerTest" time="0.115"/>
  <system-out><![CDATA[2021-02-06 22:59:36.772  INFO 7704 --- [    Test worker] .b.t.a.w.s.WebMvcTestContextBootstrapper : Neither @ContextConfiguration nor @ContextHierarchy found for test class [example.org.web.HelloControllerTest], using SpringBootContextLoader
2021-02-06 22:59:36.776  INFO 7704 --- [    Test worker] o.s.t.c.support.AbstractContextLoader    : Could not detect default resource locations for test class [example.org.web.HelloControllerTest]: no resource found for suffixes {-context.xml, Context.groovy}.
2021-02-06 22:59:36.779  INFO 7704 --- [    Test worker] t.c.s.AnnotationConfigContextLoaderUtils : Could not detect default configuration classes for test class [example.org.web.HelloControllerTest]: HelloControllerTest does not declare any static, non-private, non-final, nested classes annotated with @Configuration.
2021-02-06 22:59:36.814  INFO 7704 --- [    Test worker] .b.t.c.SpringBootTestContextBootstrapper : Found @SpringBootConfiguration example.org.Application for test class example.org.web.HelloControllerTest
2021-02-06 22:59:36.815  INFO 7704 --- [    Test worker] .b.t.a.w.s.WebMvcTestContextBootstrapper : Loaded default TestExecutionListener class names from location [META-INF/spring.factories]: [org.springframework.security.test.context.support.WithSecurityContextTestExecutionListener, org.springframework.security.test.context.support.ReactorContextTestExecutionListener, org.springframework.boot.test.autoconfigure.restdocs.RestDocsTestExecutionListener, org.springframework.boot.test.autoconfigure.web.client.MockRestServiceServerResetTestExecutionListener, org.springframework.boot.test.autoconfigure.web.servlet.MockMvcPrintOnlyOnFailureTestExecutionListener, org.springframework.boot.test.autoconfigure.web.servlet.WebDriverTestExecutionListener, org.springframework.boot.test.autoconfigure.webservices.client.MockWebServiceServerTestExecutionListener, org.springframework.boot.test.mock.mockito.MockitoTestExecutionListener, org.springframework.boot.test.mock.mockito.ResetMocksTestExecutionListener, org.springframework.test.context.web.ServletTestExecutionListener, org.springframework.test.context.support.DirtiesContextBeforeModesTestExecutionListener, org.springframework.test.context.support.DependencyInjectionTestExecutionListener, org.springframework.test.context.support.DirtiesContextTestExecutionListener, org.springframework.test.context.transaction.TransactionalTestExecutionListener, org.springframework.test.context.jdbc.SqlScriptsTestExecutionListener, org.springframework.test.context.event.EventPublishingTestExecutionListener]
2021-02-06 22:59:36.821  INFO 7704 --- [    Test worker] .b.t.a.w.s.WebMvcTestContextBootstrapper : Using TestExecutionListeners: [org.springframework.test.context.web.ServletTestExecutionListener@7e1710ac, org.springframework.test.context.support.DirtiesContextBeforeModesTestExecutionListener@7ac6da4c, org.springframework.boot.test.mock.mockito.MockitoTestExecutionListener@3229adb8, org.springframework.boot.test.autoconfigure.SpringBootDependencyInjectionTestExecutionListener@744f2236, org.springframework.test.context.support.DirtiesContextTestExecutionListener@321bde63, org.springframework.test.context.transaction.TransactionalTestExecutionListener@7e4376d6, org.springframework.test.context.jdbc.SqlScriptsTestExecutionListener@1f850cb, org.springframework.security.test.context.support.WithSecurityContextTestExecutionListener@c2b8c50, org.springframework.test.context.event.EventPublishingTestExecutionListener@602fa370, org.springframework.security.test.context.support.ReactorContextTestExecutionListener@5bf8c65, org.springframework.boot.test.autoconfigure.restdocs.RestDocsTestExecutionListener@4682ea11, org.springframework.boot.test.autoconfigure.web.client.MockRestServiceServerResetTestExecutionListener@169bb79d, org.springframework.boot.test.autoconfigure.web.servlet.MockMvcPrintOnlyOnFailureTestExecutionListener@b32b21d, org.springframework.boot.test.autoconfigure.web.servlet.WebDriverTestExecutionListener@7297cbba, org.springframework.boot.test.autoconfigure.webservices.client.MockWebServiceServerTestExecutionListener@2394759b, org.springframework.boot.test.mock.mockito.ResetMocksTestExecutionListener@68f8192b]

  .   ____          _            __ _ _
 /\\ / ___'_ __ _ _(_)_ __  __ _ \ \ \ \
( ( )\___ | '_ | '_| | '_ \/ _` | \ \ \ \
 \\/  ___)| |_)| | | | | || (_| |  ) ) ) )
  '  |____| .__|_| |_|_| |_\__, | / / / /
 =========|_|==============|___/=/_/_/_/
 :: Spring Boot ::                (v2.4.1)

2021-02-06 22:59:36.930  INFO 7704 --- [    Test worker] example.org.web.HelloControllerTest      : Starting HelloControllerTest using Java 1.8.0_261 on DESKTOP-4QHQ616 with PID 7704 (started by byung in C:\Users\byung\IdeaProjects\SpringBoot_IntelliJ)
2021-02-06 22:59:36.932  INFO 7704 --- [    Test worker] example.org.web.HelloControllerTest      : No active profile set, falling back to default profiles: default
2021-02-06 22:59:38.155  INFO 7704 --- [    Test worker] o.s.s.concurrent.ThreadPoolTaskExecutor  : Initializing ExecutorService 'applicationTaskExecutor'
2021-02-06 22:59:38.246  INFO 7704 --- [    Test worker] o.s.b.a.w.s.WelcomePageHandlerMapping    : Adding welcome page template: index
2021-02-06 22:59:39.317  INFO 7704 --- [    Test worker] o.s.s.web.DefaultSecurityFilterChain     : Will secure any request with [org.springframework.security.web.context.request.async.WebAsyncManagerIntegrationFilter@3f6391ae, org.springframework.security.web.context.SecurityContextPersistenceFilter@3e226d90, org.springframework.security.web.header.HeaderWriterFilter@54b721de, org.springframework.security.web.csrf.CsrfFilter@7b70820d, org.springframework.security.web.authentication.logout.LogoutFilter@5ade7f13, org.springframework.security.oauth2.client.web.OAuth2AuthorizationRequestRedirectFilter@d85e21a, org.springframework.security.oauth2.client.web.OAuth2AuthorizationRequestRedirectFilter@5adf4ec3, org.springframework.security.oauth2.client.web.OAuth2LoginAuthenticationFilter@42f1c9e, org.springframework.security.web.authentication.ui.DefaultLoginPageGeneratingFilter@3cc09799, org.springframework.security.web.authentication.ui.DefaultLogoutPageGeneratingFilter@7ccde199, org.springframework.security.web.savedrequest.RequestCacheAwareFilter@74a25b5a, org.springframework.security.web.servletapi.SecurityContextHolderAwareRequestFilter@19f63dc1, org.springframework.security.web.authentication.AnonymousAuthenticationFilter@7a95f29e, org.springframework.security.oauth2.client.web.OAuth2AuthorizationCodeGrantFilter@4348a2dc, org.springframework.security.web.session.SessionManagementFilter@2b28a1af, org.springframework.security.web.access.ExceptionTranslationFilter@40514365, org.springframework.security.web.access.intercept.FilterSecurityInterceptor@1c0b6b6b]
2021-02-06 22:59:39.523  INFO 7704 --- [    Test worker] o.s.b.t.m.w.SpringBootMockServletContext : Initializing Spring TestDispatcherServlet ''
2021-02-06 22:59:39.524  INFO 7704 --- [    Test worker] o.s.t.web.servlet.TestDispatcherServlet  : Initializing Servlet ''
2021-02-06 22:59:39.527  INFO 7704 --- [    Test worker] o.s.t.web.servlet.TestDispatcherServlet  : Completed initialization in 3 ms
2021-02-06 22:59:39.568  INFO 7704 --- [    Test worker] example.org.web.HelloControllerTest      : Started HelloControllerTest in 2.738 seconds (JVM running for 28.155)
]]></system-out>
  <system-err><![CDATA[]]></system-err>
</testsuite>
