<?xml version="1.0" encoding="UTF-8"?>
<testsuite name="example.org.web.PostsApiControllerTest" tests="2" skipped="0" failures="0" errors="0" timestamp="2021-02-06T13:59:36" hostname="DESKTOP-4QHQ616" time="0.519">
  <properties/>
  <testcase name="posts_save()" classname="example.org.web.PostsApiControllerTest" time="0.436"/>
  <testcase name="posts_Update()" classname="example.org.web.PostsApiControllerTest" time="0.079"/>
  <system-out><![CDATA[2021-02-06 22:59:36.160  INFO 7704 --- [    Test worker] .b.t.c.SpringBootTestContextBootstrapper : Neither @ContextConfiguration nor @ContextHierarchy found for test class [example.org.web.PostsApiControllerTest], using SpringBootContextLoader
2021-02-06 22:59:36.162  INFO 7704 --- [    Test worker] o.s.t.c.support.AbstractContextLoader    : Could not detect default resource locations for test class [example.org.web.PostsApiControllerTest]: no resource found for suffixes {-context.xml, Context.groovy}.
2021-02-06 22:59:36.162  INFO 7704 --- [    Test worker] t.c.s.AnnotationConfigContextLoaderUtils : Could not detect default configuration classes for test class [example.org.web.PostsApiControllerTest]: PostsApiControllerTest does not declare any static, non-private, non-final, nested classes annotated with @Configuration.
2021-02-06 22:59:36.168  INFO 7704 --- [    Test worker] .b.t.c.SpringBootTestContextBootstrapper : Found @SpringBootConfiguration example.org.Application for test class example.org.web.PostsApiControllerTest
2021-02-06 22:59:36.175  INFO 7704 --- [    Test worker] .b.t.c.SpringBootTestContextBootstrapper : Loaded default TestExecutionListener class names from location [META-INF/spring.factories]: [org.springframework.security.test.context.support.WithSecurityContextTestExecutionListener, org.springframework.security.test.context.support.ReactorContextTestExecutionListener, org.springframework.boot.test.autoconfigure.restdocs.RestDocsTestExecutionListener, org.springframework.boot.test.autoconfigure.web.client.MockRestServiceServerResetTestExecutionListener, org.springframework.boot.test.autoconfigure.web.servlet.MockMvcPrintOnlyOnFailureTestExecutionListener, org.springframework.boot.test.autoconfigure.web.servlet.WebDriverTestExecutionListener, org.springframework.boot.test.autoconfigure.webservices.client.MockWebServiceServerTestExecutionListener, org.springframework.boot.test.mock.mockito.MockitoTestExecutionListener, org.springframework.boot.test.mock.mockito.ResetMocksTestExecutionListener, org.springframework.test.context.web.ServletTestExecutionListener, org.springframework.test.context.support.DirtiesContextBeforeModesTestExecutionListener, org.springframework.test.context.support.DependencyInjectionTestExecutionListener, org.springframework.test.context.support.DirtiesContextTestExecutionListener, org.springframework.test.context.transaction.TransactionalTestExecutionListener, org.springframework.test.context.jdbc.SqlScriptsTestExecutionListener, org.springframework.test.context.event.EventPublishingTestExecutionListener]
2021-02-06 22:59:36.207  INFO 7704 --- [    Test worker] .b.t.c.SpringBootTestContextBootstrapper : Using TestExecutionListeners: [org.springframework.test.context.web.ServletTestExecutionListener@4674714b, org.springframework.test.context.support.DirtiesContextBeforeModesTestExecutionListener@7bb98ddf, org.springframework.boot.test.mock.mockito.MockitoTestExecutionListener@444aa018, org.springframework.boot.test.autoconfigure.SpringBootDependencyInjectionTestExecutionListener@1b05e3a, org.springframework.test.context.support.DirtiesContextTestExecutionListener@64ab996e, org.springframework.test.context.transaction.TransactionalTestExecutionListener@534b3751, org.springframework.test.context.jdbc.SqlScriptsTestExecutionListener@42101740, org.springframework.security.test.context.support.WithSecurityContextTestExecutionListener@4152d0b6, org.springframework.test.context.event.EventPublishingTestExecutionListener@790a511b, org.springframework.security.test.context.support.ReactorContextTestExecutionListener@73f110d4, org.springframework.boot.test.autoconfigure.restdocs.RestDocsTestExecutionListener@3199a3fd, org.springframework.boot.test.autoconfigure.web.client.MockRestServiceServerResetTestExecutionListener@66990218, org.springframework.boot.test.autoconfigure.web.servlet.MockMvcPrintOnlyOnFailureTestExecutionListener@4d300559, org.springframework.boot.test.autoconfigure.web.servlet.WebDriverTestExecutionListener@36bccb9b, org.springframework.boot.test.autoconfigure.webservices.client.MockWebServiceServerTestExecutionListener@4a4610fa, org.springframework.boot.test.mock.mockito.ResetMocksTestExecutionListener@64614268]
2021-02-06 22:59:36.277  INFO 7704 --- [    Test worker] o.a.c.c.C.[Tomcat].[localhost].[/]       : Initializing Spring TestDispatcherServlet ''
2021-02-06 22:59:36.279  INFO 7704 --- [    Test worker] o.s.t.web.servlet.TestDispatcherServlet  : Initializing Servlet ''
2021-02-06 22:59:36.281  INFO 7704 --- [    Test worker] o.s.t.web.servlet.TestDispatcherServlet  : Completed initialization in 1 ms
Hibernate: insert into posts (created_date, modified_date, author, content, email, title) values (?, ?, ?, ?, ?, ?)
Hibernate: select posts0_.id as id1_1_, posts0_.created_date as created_2_1_, posts0_.modified_date as modified3_1_, posts0_.author as author4_1_, posts0_.content as content5_1_, posts0_.email as email6_1_, posts0_.title as title7_1_ from posts posts0_
Hibernate: select posts0_.id as id1_1_, posts0_.created_date as created_2_1_, posts0_.modified_date as modified3_1_, posts0_.author as author4_1_, posts0_.content as content5_1_, posts0_.email as email6_1_, posts0_.title as title7_1_ from posts posts0_
Hibernate: delete from posts where id=?
2021-02-06 22:59:36.666  INFO 7704 --- [    Test worker] o.a.c.c.C.[Tomcat].[localhost].[/]       : Initializing Spring TestDispatcherServlet ''
2021-02-06 22:59:36.666  INFO 7704 --- [    Test worker] o.s.t.web.servlet.TestDispatcherServlet  : Initializing Servlet ''
2021-02-06 22:59:36.667  INFO 7704 --- [    Test worker] o.s.t.web.servlet.TestDispatcherServlet  : Completed initialization in 1 ms
Hibernate: insert into posts (created_date, modified_date, author, content, email, title) values (?, ?, ?, ?, ?, ?)
Hibernate: select posts0_.id as id1_1_0_, posts0_.created_date as created_2_1_0_, posts0_.modified_date as modified3_1_0_, posts0_.author as author4_1_0_, posts0_.content as content5_1_0_, posts0_.email as email6_1_0_, posts0_.title as title7_1_0_ from posts posts0_ where posts0_.id=?
Hibernate: update posts set created_date=?, modified_date=?, author=?, content=?, email=?, title=? where id=?
Hibernate: select posts0_.id as id1_1_, posts0_.created_date as created_2_1_, posts0_.modified_date as modified3_1_, posts0_.author as author4_1_, posts0_.content as content5_1_, posts0_.email as email6_1_, posts0_.title as title7_1_ from posts posts0_
Hibernate: select posts0_.id as id1_1_, posts0_.created_date as created_2_1_, posts0_.modified_date as modified3_1_, posts0_.author as author4_1_, posts0_.content as content5_1_, posts0_.email as email6_1_, posts0_.title as title7_1_ from posts posts0_
Hibernate: delete from posts where id=?
]]></system-out>
  <system-err><![CDATA[]]></system-err>
</testsuite>
